<?xml version="1.0" encoding="UTF-8"?>
<!-- Generated by org.testng.reporters.JUnitXMLReporter -->
<testsuite hostname="REM-L-SINGHH" ignored="0" name="Test Login with Clinet or Partner_Client_User" tests="2" failures="0" timestamp="23 Jun 2019 16:55:14 GMT" time="7.132" errors="0">
  <testcase name="@BeforeTest applicationLaunch" time="7.127" classname="VW_TC.TC0011_login_With_Client_OR_Partner_Client_User">
    <failure type="org.openqa.selenium.SessionNotCreatedException" message="session not created
from chrome not reachable
  (Session info: chrome=75.0.3770.100)
Build info: version: &amp;apos;3.14.0&amp;apos;, revision: &amp;apos;aacccce0&amp;apos;, time: &amp;apos;2018-08-02T20:19:58.91Z&amp;apos;
System info: host: &amp;apos;REM-L-SINGHH&amp;apos;, ip: &amp;apos;10.12.60.24&amp;apos;, os.name: &amp;apos;Windows 10&amp;apos;, os.arch: &amp;apos;amd64&amp;apos;, os.version: &amp;apos;10.0&amp;apos;, java.version: &amp;apos;1.8.0_171&amp;apos;
Driver info: driver.version: ChromeDriver
remote stacktrace: Backtrace:
	Ordinal0 [0x001A1B23+1448739]
	Ordinal0 [0x00125A11+940561]
	Ordinal0 [0x000B213C+467260]
	Ordinal0 [0x000ABB2E+441134]
	Ordinal0 [0x000AC1C8+442824]
	Ordinal0 [0x000AD275+447093]
	Ordinal0 [0x000A9515+431381]
	Ordinal0 [0x000B2EF0+470768]
	Ordinal0 [0x000694CE+169166]
	Ordinal0 [0x000688ED+166125]
	Ordinal0 [0x00066FFB+159739]
	Ordinal0 [0x000509F6+68086]
	Ordinal0 [0x00051990+72080]
	Ordinal0 [0x00051929+71977]
	GetHandleVerifier [0x002E2E4C+1172140]
	GetHandleVerifier [0x0023FE35+504469]
	GetHandleVerifier [0x0023FBD0+503856]
	Ordinal0 [0x001AC9A8+1493416]
	GetHandleVerifier [0x0024060A+506474]
	Ordinal0 [0x00137136+1012022]
	Ordinal0 [0x00136FAF+1011631]
	Ordinal0 [0x0014133B+1053499]
	Ordinal0 [0x001414A3+1053859]
	Ordinal0 [0x001404D5+1049813]
	BaseThreadInitThunk [0x74E062C4+36]
	RtlSubscribeWnfStateChangeNotification [0x77020FA9+1081]
	RtlSubscribeWnfStateChangeNotification [0x77020F74+1028]
	(No symbol) [0x00000000]
">
      <![CDATA[org.openqa.selenium.SessionNotCreatedException: session not created
from chrome not reachable
  (Session info: chrome=75.0.3770.100)
Build info: version: '3.14.0', revision: 'aacccce0', time: '2018-08-02T20:19:58.91Z'
System info: host: 'REM-L-SINGHH', ip: '10.12.60.24', os.name: 'Windows 10', os.arch: 'amd64', os.version: '10.0', java.version: '1.8.0_171'
Driver info: driver.version: ChromeDriver
remote stacktrace: Backtrace:
Ordinal0 [0x001A1B23+1448739]
Ordinal0 [0x00125A11+940561]
Ordinal0 [0x000B213C+467260]
Ordinal0 [0x000ABB2E+441134]
Ordinal0 [0x000AC1C8+442824]
Ordinal0 [0x000AD275+447093]
Ordinal0 [0x000A9515+431381]
Ordinal0 [0x000B2EF0+470768]
Ordinal0 [0x000694CE+169166]
Ordinal0 [0x000688ED+166125]
Ordinal0 [0x00066FFB+159739]
Ordinal0 [0x000509F6+68086]
Ordinal0 [0x00051990+72080]
Ordinal0 [0x00051929+71977]
GetHandleVerifier [0x002E2E4C+1172140]
GetHandleVerifier [0x0023FE35+504469]
GetHandleVerifier [0x0023FBD0+503856]
Ordinal0 [0x001AC9A8+1493416]
GetHandleVerifier [0x0024060A+506474]
Ordinal0 [0x00137136+1012022]
Ordinal0 [0x00136FAF+1011631]
Ordinal0 [0x0014133B+1053499]
Ordinal0 [0x001414A3+1053859]
Ordinal0 [0x001404D5+1049813]
BaseThreadInitThunk [0x74E062C4+36]
RtlSubscribeWnfStateChangeNotification [0x77020FA9+1081]
RtlSubscribeWnfStateChangeNotification [0x77020F74+1028]
(No symbol) [0x00000000]

at org.openqa.selenium.remote.W3CHandshakeResponse.lambda$new$0(W3CHandshakeResponse.java:57)
at org.openqa.selenium.remote.W3CHandshakeResponse.lambda$getResponseFunction$2(W3CHandshakeResponse.java:104)
at org.openqa.selenium.remote.ProtocolHandshake.lambda$createSession$0(ProtocolHandshake.java:122)
at java.util.stream.ReferencePipeline$3$1.accept(Unknown Source)
at java.util.Spliterators$ArraySpliterator.tryAdvance(Unknown Source)
at java.util.stream.ReferencePipeline.forEachWithCancel(Unknown Source)
at java.util.stream.AbstractPipeline.copyIntoWithCancel(Unknown Source)
at java.util.stream.AbstractPipeline.copyInto(Unknown Source)
at java.util.stream.AbstractPipeline.wrapAndCopyInto(Unknown Source)
at java.util.stream.FindOps$FindOp.evaluateSequential(Unknown Source)
at java.util.stream.AbstractPipeline.evaluate(Unknown Source)
at java.util.stream.ReferencePipeline.findFirst(Unknown Source)
at org.openqa.selenium.remote.ProtocolHandshake.createSession(ProtocolHandshake.java:125)
at org.openqa.selenium.remote.ProtocolHandshake.createSession(ProtocolHandshake.java:73)
at org.openqa.selenium.remote.HttpCommandExecutor.execute(HttpCommandExecutor.java:136)
at org.openqa.selenium.remote.service.DriverCommandExecutor.execute(DriverCommandExecutor.java:83)
at org.openqa.selenium.remote.RemoteWebDriver.execute(RemoteWebDriver.java:548)
at org.openqa.selenium.remote.RemoteWebDriver.startSession(RemoteWebDriver.java:212)
at org.openqa.selenium.remote.RemoteWebDriver.<init>(RemoteWebDriver.java:130)
at org.openqa.selenium.chrome.ChromeDriver.<init>(ChromeDriver.java:181)
at org.openqa.selenium.chrome.ChromeDriver.<init>(ChromeDriver.java:168)
at org.openqa.selenium.chrome.ChromeDriver.<init>(ChromeDriver.java:123)
at resources.baseProperties.intializeDriver(baseProperties.java:44)
at VW_TC.TC0011_login_With_Client_OR_Partner_Client_User.applicationLaunch(TC0011_login_With_Client_OR_Partner_Client_User.java:34)
... Removed 28 stack frames]]>
    </failure>
  </testcase> <!-- @BeforeTest applicationLaunch -->
  <testcase name="@AfterTest applicationClose" time="0.0" classname="VW_TC.TC0011_login_With_Client_OR_Partner_Client_User">
    <skipped/>
  </testcase> <!-- @AfterTest applicationClose -->
  <testcase name="logInScreen" time="0.0" classname="VW_TC.TC0011_login_With_Client_OR_Partner_Client_User">
    <skipped/>
  </testcase> <!-- logInScreen -->
  <testcase name="TabValidation" time="0.0" classname="VW_TC.TC0011_login_With_Client_OR_Partner_Client_User">
    <skipped/>
  </testcase> <!-- TabValidation -->
</testsuite> <!-- Test Login with Clinet or Partner_Client_User -->
