<?xml version="1.0" encoding="UTF-8"?>
<!-- Generated by org.testng.reporters.JUnitXMLReporter -->
<testsuite hostname="REM-L-SINGHH" ignored="0" name="Test Case: 0000- Debugging Verification " tests="2" failures="1" timestamp="17 Jul 2019 14:56:15 GMT" time="99.208" errors="0">
  <testcase name="logInWithExpirixAdmin" time="47.681" classname="VW_TC.TC0000_Debug_Testing"/>
  <testcase name="scriptTabValidation" time="27.66" classname="VW_TC.TC0000_Debug_Testing">
    <failure type="java.lang.AssertionError" message="expected [Description] but found [Script name]">
      <![CDATA[java.lang.AssertionError: expected [Description] but found [Script name]
at PageActions.pom007_VoiceWatch_Script_Tabs.createGSBbybutton(pom007_VoiceWatch_Script_Tabs.java:216)
at VW_TC.TC0000_Debug_Testing.scriptTabValidation(TC0000_Debug_Testing.java:153)
... Removed 31 stack frames]]>
    </failure>
  </testcase> <!-- scriptTabValidation -->
</testsuite> <!-- Test Case: 0000- Debugging Verification  -->
