<?xml version="1.0" encoding="UTF-8"?>
<!-- Generated by org.testng.reporters.JUnitXMLReporter -->
<testsuite hostname="REM-L-SINGHH" ignored="0" name="Test Login with Clinet or Partner_Client_Custmer_Admin" tests="2" failures="0" timestamp="24 Jun 2019 17:08:41 GMT" time="7.214" errors="0">
  <testcase name="@BeforeTest applicationLaunch" time="7.214" classname="VW_TC.TC0008_login_With_Client_OR_Partner_Client_Custmer_Admin">
    <failure type="org.openqa.selenium.SessionNotCreatedException" message="session not created
from chrome not reachable
  (Session info: chrome=75.0.3770.100)
Build info: version: &amp;apos;3.14.0&amp;apos;, revision: &amp;apos;aacccce0&amp;apos;, time: &amp;apos;2018-08-02T20:19:58.91Z&amp;apos;
System info: host: &amp;apos;REM-L-SINGHH&amp;apos;, ip: &amp;apos;10.12.60.27&amp;apos;, os.name: &amp;apos;Windows 10&amp;apos;, os.arch: &amp;apos;amd64&amp;apos;, os.version: &amp;apos;10.0&amp;apos;, java.version: &amp;apos;1.8.0_171&amp;apos;
Driver info: driver.version: ChromeDriver
remote stacktrace: Backtrace:
	Ordinal0 [0x004E1B23+1448739]
	Ordinal0 [0x00465A11+940561]
	Ordinal0 [0x003F213C+467260]
	Ordinal0 [0x003EBB2E+441134]
	Ordinal0 [0x003EC1C8+442824]
	Ordinal0 [0x003ED275+447093]
	Ordinal0 [0x003E9515+431381]
	Ordinal0 [0x003F2EF0+470768]
	Ordinal0 [0x003A94CE+169166]
	Ordinal0 [0x003A88ED+166125]
	Ordinal0 [0x003A6FFB+159739]
	Ordinal0 [0x003909F6+68086]
	Ordinal0 [0x00391990+72080]
	Ordinal0 [0x00391929+71977]
	GetHandleVerifier [0x00622E4C+1172140]
	GetHandleVerifier [0x0057FE35+504469]
	GetHandleVerifier [0x0057FBD0+503856]
	Ordinal0 [0x004EC9A8+1493416]
	GetHandleVerifier [0x0058060A+506474]
	Ordinal0 [0x00477136+1012022]
	Ordinal0 [0x00476FAF+1011631]
	Ordinal0 [0x0048133B+1053499]
	Ordinal0 [0x004814A3+1053859]
	Ordinal0 [0x004804D5+1049813]
	BaseThreadInitThunk [0x75D862C4+36]
	RtlSubscribeWnfStateChangeNotification [0x77E60FA9+1081]
	RtlSubscribeWnfStateChangeNotification [0x77E60F74+1028]
">
      <![CDATA[org.openqa.selenium.SessionNotCreatedException: session not created
from chrome not reachable
  (Session info: chrome=75.0.3770.100)
Build info: version: '3.14.0', revision: 'aacccce0', time: '2018-08-02T20:19:58.91Z'
System info: host: 'REM-L-SINGHH', ip: '10.12.60.27', os.name: 'Windows 10', os.arch: 'amd64', os.version: '10.0', java.version: '1.8.0_171'
Driver info: driver.version: ChromeDriver
remote stacktrace: Backtrace:
Ordinal0 [0x004E1B23+1448739]
Ordinal0 [0x00465A11+940561]
Ordinal0 [0x003F213C+467260]
Ordinal0 [0x003EBB2E+441134]
Ordinal0 [0x003EC1C8+442824]
Ordinal0 [0x003ED275+447093]
Ordinal0 [0x003E9515+431381]
Ordinal0 [0x003F2EF0+470768]
Ordinal0 [0x003A94CE+169166]
Ordinal0 [0x003A88ED+166125]
Ordinal0 [0x003A6FFB+159739]
Ordinal0 [0x003909F6+68086]
Ordinal0 [0x00391990+72080]
Ordinal0 [0x00391929+71977]
GetHandleVerifier [0x00622E4C+1172140]
GetHandleVerifier [0x0057FE35+504469]
GetHandleVerifier [0x0057FBD0+503856]
Ordinal0 [0x004EC9A8+1493416]
GetHandleVerifier [0x0058060A+506474]
Ordinal0 [0x00477136+1012022]
Ordinal0 [0x00476FAF+1011631]
Ordinal0 [0x0048133B+1053499]
Ordinal0 [0x004814A3+1053859]
Ordinal0 [0x004804D5+1049813]
BaseThreadInitThunk [0x75D862C4+36]
RtlSubscribeWnfStateChangeNotification [0x77E60FA9+1081]
RtlSubscribeWnfStateChangeNotification [0x77E60F74+1028]

at org.openqa.selenium.remote.W3CHandshakeResponse.lambda$new$0(W3CHandshakeResponse.java:57)
at org.openqa.selenium.remote.W3CHandshakeResponse.lambda$getResponseFunction$2(W3CHandshakeResponse.java:104)
at org.openqa.selenium.remote.ProtocolHandshake.lambda$createSession$0(ProtocolHandshake.java:122)
at java.util.stream.ReferencePipeline$3$1.accept(ReferencePipeline.java:193)
at java.util.Spliterators$ArraySpliterator.tryAdvance(Spliterators.java:958)
at java.util.stream.ReferencePipeline.forEachWithCancel(ReferencePipeline.java:126)
at java.util.stream.AbstractPipeline.copyIntoWithCancel(AbstractPipeline.java:498)
at java.util.stream.AbstractPipeline.copyInto(AbstractPipeline.java:485)
at java.util.stream.AbstractPipeline.wrapAndCopyInto(AbstractPipeline.java:471)
at java.util.stream.FindOps$FindOp.evaluateSequential(FindOps.java:152)
at java.util.stream.AbstractPipeline.evaluate(AbstractPipeline.java:234)
at java.util.stream.ReferencePipeline.findFirst(ReferencePipeline.java:464)
at org.openqa.selenium.remote.ProtocolHandshake.createSession(ProtocolHandshake.java:125)
at org.openqa.selenium.remote.ProtocolHandshake.createSession(ProtocolHandshake.java:73)
at org.openqa.selenium.remote.HttpCommandExecutor.execute(HttpCommandExecutor.java:136)
at org.openqa.selenium.remote.service.DriverCommandExecutor.execute(DriverCommandExecutor.java:83)
at org.openqa.selenium.remote.RemoteWebDriver.execute(RemoteWebDriver.java:548)
at org.openqa.selenium.remote.RemoteWebDriver.startSession(RemoteWebDriver.java:212)
at org.openqa.selenium.remote.RemoteWebDriver.<init>(RemoteWebDriver.java:130)
at org.openqa.selenium.chrome.ChromeDriver.<init>(ChromeDriver.java:181)
at org.openqa.selenium.chrome.ChromeDriver.<init>(ChromeDriver.java:168)
at org.openqa.selenium.chrome.ChromeDriver.<init>(ChromeDriver.java:123)
at resources.baseProperties.intializeDriver(baseProperties.java:44)
at VW_TC.TC0008_login_With_Client_OR_Partner_Client_Custmer_Admin.applicationLaunch(TC0008_login_With_Client_OR_Partner_Client_Custmer_Admin.java:32)
... Removed 32 stack frames]]>
    </failure>
  </testcase> <!-- @BeforeTest applicationLaunch -->
  <testcase name="@AfterTest applicationClose" time="0.0" classname="VW_TC.TC0008_login_With_Client_OR_Partner_Client_Custmer_Admin">
    <skipped/>
  </testcase> <!-- @AfterTest applicationClose -->
  <testcase name="logInScreen" time="0.0" classname="VW_TC.TC0008_login_With_Client_OR_Partner_Client_Custmer_Admin">
    <skipped/>
  </testcase> <!-- logInScreen -->
  <testcase name="TabValidation" time="0.0" classname="VW_TC.TC0008_login_With_Client_OR_Partner_Client_Custmer_Admin">
    <skipped/>
  </testcase> <!-- TabValidation -->
</testsuite> <!-- Test Login with Clinet or Partner_Client_Custmer_Admin -->
