<html>
<head>
<title>TestNG:  Test Login with Partner User Page</title>
<link href="../testng.css" rel="stylesheet" type="text/css" />
<link href="../my-testng.css" rel="stylesheet" type="text/css" />

<style type="text/css">
.log { display: none;} 
.stack-trace { display: none;} 
</style>
<script type="text/javascript">
<!--
function flip(e) {
  current = e.style.display;
  if (current == 'block') {
    e.style.display = 'none';
    return 0;
  }
  else {
    e.style.display = 'block';
    return 1;
  }
}

function toggleBox(szDivId, elem, msg1, msg2)
{
  var res = -1;  if (document.getElementById) {
    res = flip(document.getElementById(szDivId));
  }
  else if (document.all) {
    // this is the way old msie versions work
    res = flip(document.all[szDivId]);
  }
  if(elem) {
    if(res == 0) elem.innerHTML = msg1; else elem.innerHTML = msg2;
  }

}

function toggleAllBoxes() {
  if (document.getElementsByTagName) {
    d = document.getElementsByTagName('div');
    for (i = 0; i < d.length; i++) {
      if (d[i].className == 'log') {
        flip(d[i]);
      }
    }
  }
}

// -->
</script>

</head>
<body>
<h2 align='center'>Test Login with Partner User Page</h2><table border='1' align="center">
<tr>
<td>Tests passed/Failed/Skipped:</td><td>0/0/2</td>
</tr><tr>
<td>Started on:</td><td>Mon Jun 24 22:38:31 IST 2019</td>
</tr>
<tr><td>Total time:</td><td>2 seconds (2240 ms)</td>
</tr><tr>
<td>Included groups:</td><td></td>
</tr><tr>
<td>Excluded groups:</td><td></td>
</tr>
</table><p/>
<small><i>(Hover the method name to see the test class name)</i></small><p/>
<table width='100%' border='1' class='invocation-failed'>
<tr><td colspan='4' align='center'><b>FAILED CONFIGURATIONS</b></td></tr>
<tr><td><b>Test method</b></td>
<td width="30%"><b>Exception</b></td>
<td width="10%"><b>Time (seconds)</b></td>
<td><b>Instance</b></td>
</tr>
<tr>
<td title='VW_TC.TC0007_login_With_Partner_User.applicationLaunch()'><b>applicationLaunch</b><br>Test class: VW_TC.TC0007_login_With_Partner_User</td>
<td><div><pre>org.openqa.selenium.SessionNotCreatedException: session not created
from disconnected: received Inspector.detached event
  (Session info: chrome=75.0.3770.100)
Build info: version: &apos;3.14.0&apos;, revision: &apos;aacccce0&apos;, time: &apos;2018-08-02T20:19:58.91Z&apos;
System info: host: &apos;REM-L-SINGHH&apos;, ip: &apos;10.12.60.27&apos;, os.name: &apos;Windows 10&apos;, os.arch: &apos;amd64&apos;, os.version: &apos;10.0&apos;, java.version: &apos;1.8.0_171&apos;
Driver info: driver.version: ChromeDriver
remote stacktrace: Backtrace:
	Ordinal0 [0x004E1B23+1448739]
	Ordinal0 [0x00465A11+940561]
	Ordinal0 [0x003F2293+467603]
	Ordinal0 [0x003EAB29+437033]
	Ordinal0 [0x003EA718+435992]
	Ordinal0 [0x003EA491+435345]
	Ordinal0 [0x003E9ADC+432860]
	Ordinal0 [0x003E9674+431732]
	Ordinal0 [0x003E9635+431669]
	Ordinal0 [0x003EDC99+449689]
	Ordinal0 [0x003E95EC+431596]
	Ordinal0 [0x003EA145+434501]
	Ordinal0 [0x003E9ADC+432860]
	Ordinal0 [0x003E9674+431732]
	Ordinal0 [0x003E9635+431669]
	Ordinal0 [0x003ED437+447543]
	Ordinal0 [0x003E95EC+431596]
	Ordinal0 [0x003EA145+434501]
	Ordinal0 [0x003E9ADC+432860]
	Ordinal0 [0x003E9674+431732]
	Ordinal0 [0x003E9635+431669]
	Ordinal0 [0x003E62CC+418508]
	Ordinal0 [0x003E95EC+431596]
	Ordinal0 [0x003E94D4+431316]
	Ordinal0 [0x003F2EF0+470768]
	Ordinal0 [0x003A94CE+169166]
	Ordinal0 [0x003A88ED+166125]
	Ordinal0 [0x003A6FFB+159739]
	Ordinal0 [0x003909F6+68086]
	Ordinal0 [0x00391990+72080]
	Ordinal0 [0x00391929+71977]
	GetHandleVerifier [0x00622E4C+1172140]
	GetHandleVerifier [0x0057FE35+504469]
	GetHandleVerifier [0x0057FBD0+503856]
	Ordinal0 [0x004EC9A8+1493416]
	GetHandleVerifier [0x0058060A+506474]
	Ordinal0 [0x00477136+1012022]
	Ordinal0 [0x00476FAF+1011631]
	Ordinal0 [0x0048133B+1053499]
	Ordinal0 [0x004814A3+1053859]
	Ordinal0 [0x004804D5+1049813]
	BaseThreadInitThunk [0x75D862C4+36]
	RtlSubscribeWnfStateChangeNotification [0x77E60FA9+1081]
	RtlSubscribeWnfStateChangeNotification [0x77E60F74+1028]

	at org.openqa.selenium.remote.W3CHandshakeResponse.lambda$new$0(W3CHandshakeResponse.java:57)
	at org.openqa.selenium.remote.W3CHandshakeResponse.lambda$getResponseFunction$2(W3CHandshakeResponse.java:104)
	at org.openqa.selenium.remote.ProtocolHandshake.lambda$createSession$0(ProtocolHandshake.java:122)
	at java.util.stream.ReferencePipeline$3$1.accept(ReferencePipeline.java:193)
	at java.util.Spliterators$ArraySpliterator.tryAdvance(Spliterators.java:958)
	at java.util.stream.ReferencePipeline.forEachWithCancel(ReferencePipeline.java:126)
	at java.util.stream.AbstractPipeline.copyIntoWithCancel(AbstractPipeline.java:498)
	at java.util.stream.AbstractPipeline.copyInto(AbstractPipeline.java:485)
	at java.util.stream.AbstractPipeline.wrapAndCopyInto(AbstractPipeline.java:471)
	at java.util.stream.FindOps$FindOp.evaluateSequential(FindOps.java:152)
	at java.util.stream.AbstractPipeline.evaluate(AbstractPipeline.java:234)
	at java.util.stream.ReferencePipeline.findFirst(ReferencePipeline.java:464)
	at org.openqa.selenium.remote.ProtocolHandshake.createSession(ProtocolHandshake.java:125)
	at org.openqa.selenium.remote.ProtocolHandshake.createSession(ProtocolHandshake.java:73)
	at org.openqa.selenium.remote.HttpCommandExecutor.execute(HttpCommandExecutor.java:136)
	at org.openqa.selenium.remote.service.DriverCommandExecutor.execute(DriverCommandExecutor.java:83)
	at org.openqa.selenium.remote.RemoteWebDriver.execute(RemoteWebDriver.java:548)
	at org.openqa.selenium.remote.RemoteWebDriver.startSession(RemoteWebDriver.java:212)
	at org.openqa.selenium.remote.RemoteWebDriver.&lt;init&gt;(RemoteWebDriver.java:130)
	at org.openqa.selenium.chrome.ChromeDriver.&lt;init&gt;(ChromeDriver.java:181)
	at org.openqa.selenium.chrome.ChromeDriver.&lt;init&gt;(ChromeDriver.java:168)
	at org.openqa.selenium.chrome.ChromeDriver.&lt;init&gt;(ChromeDriver.java:123)
	at resources.baseProperties.intializeDriver(baseProperties.java:44)
	at VW_TC.TC0007_login_With_Partner_User.applicationLaunch(TC0007_login_With_Partner_User.java:33)
... Removed 32 stack frames</pre></div><a href='#' onClick='toggleBox("stack-trace237297104", this, "Click to show all stack frames", "Click to hide stack frames")'>Click to show all stack frames</a>
<div class='stack-trace' id='stack-trace237297104'><pre>org.openqa.selenium.SessionNotCreatedException: session not created
from disconnected: received Inspector.detached event
  (Session info: chrome=75.0.3770.100)
Build info: version: &apos;3.14.0&apos;, revision: &apos;aacccce0&apos;, time: &apos;2018-08-02T20:19:58.91Z&apos;
System info: host: &apos;REM-L-SINGHH&apos;, ip: &apos;10.12.60.27&apos;, os.name: &apos;Windows 10&apos;, os.arch: &apos;amd64&apos;, os.version: &apos;10.0&apos;, java.version: &apos;1.8.0_171&apos;
Driver info: driver.version: ChromeDriver
remote stacktrace: Backtrace:
	Ordinal0 [0x004E1B23+1448739]
	Ordinal0 [0x00465A11+940561]
	Ordinal0 [0x003F2293+467603]
	Ordinal0 [0x003EAB29+437033]
	Ordinal0 [0x003EA718+435992]
	Ordinal0 [0x003EA491+435345]
	Ordinal0 [0x003E9ADC+432860]
	Ordinal0 [0x003E9674+431732]
	Ordinal0 [0x003E9635+431669]
	Ordinal0 [0x003EDC99+449689]
	Ordinal0 [0x003E95EC+431596]
	Ordinal0 [0x003EA145+434501]
	Ordinal0 [0x003E9ADC+432860]
	Ordinal0 [0x003E9674+431732]
	Ordinal0 [0x003E9635+431669]
	Ordinal0 [0x003ED437+447543]
	Ordinal0 [0x003E95EC+431596]
	Ordinal0 [0x003EA145+434501]
	Ordinal0 [0x003E9ADC+432860]
	Ordinal0 [0x003E9674+431732]
	Ordinal0 [0x003E9635+431669]
	Ordinal0 [0x003E62CC+418508]
	Ordinal0 [0x003E95EC+431596]
	Ordinal0 [0x003E94D4+431316]
	Ordinal0 [0x003F2EF0+470768]
	Ordinal0 [0x003A94CE+169166]
	Ordinal0 [0x003A88ED+166125]
	Ordinal0 [0x003A6FFB+159739]
	Ordinal0 [0x003909F6+68086]
	Ordinal0 [0x00391990+72080]
	Ordinal0 [0x00391929+71977]
	GetHandleVerifier [0x00622E4C+1172140]
	GetHandleVerifier [0x0057FE35+504469]
	GetHandleVerifier [0x0057FBD0+503856]
	Ordinal0 [0x004EC9A8+1493416]
	GetHandleVerifier [0x0058060A+506474]
	Ordinal0 [0x00477136+1012022]
	Ordinal0 [0x00476FAF+1011631]
	Ordinal0 [0x0048133B+1053499]
	Ordinal0 [0x004814A3+1053859]
	Ordinal0 [0x004804D5+1049813]
	BaseThreadInitThunk [0x75D862C4+36]
	RtlSubscribeWnfStateChangeNotification [0x77E60FA9+1081]
	RtlSubscribeWnfStateChangeNotification [0x77E60F74+1028]

	at sun.reflect.NativeConstructorAccessorImpl.newInstance0(Native Method)
	at sun.reflect.NativeConstructorAccessorImpl.newInstance(NativeConstructorAccessorImpl.java:62)
	at sun.reflect.DelegatingConstructorAccessorImpl.newInstance(DelegatingConstructorAccessorImpl.java:45)
	at java.lang.reflect.Constructor.newInstance(Constructor.java:423)
	at org.openqa.selenium.remote.W3CHandshakeResponse.lambda$new$0(W3CHandshakeResponse.java:57)
	at org.openqa.selenium.remote.W3CHandshakeResponse.lambda$getResponseFunction$2(W3CHandshakeResponse.java:104)
	at org.openqa.selenium.remote.ProtocolHandshake.lambda$createSession$0(ProtocolHandshake.java:122)
	at java.util.stream.ReferencePipeline$3$1.accept(ReferencePipeline.java:193)
	at java.util.Spliterators$ArraySpliterator.tryAdvance(Spliterators.java:958)
	at java.util.stream.ReferencePipeline.forEachWithCancel(ReferencePipeline.java:126)
	at java.util.stream.AbstractPipeline.copyIntoWithCancel(AbstractPipeline.java:498)
	at java.util.stream.AbstractPipeline.copyInto(AbstractPipeline.java:485)
	at java.util.stream.AbstractPipeline.wrapAndCopyInto(AbstractPipeline.java:471)
	at java.util.stream.FindOps$FindOp.evaluateSequential(FindOps.java:152)
	at java.util.stream.AbstractPipeline.evaluate(AbstractPipeline.java:234)
	at java.util.stream.ReferencePipeline.findFirst(ReferencePipeline.java:464)
	at org.openqa.selenium.remote.ProtocolHandshake.createSession(ProtocolHandshake.java:125)
	at org.openqa.selenium.remote.ProtocolHandshake.createSession(ProtocolHandshake.java:73)
	at org.openqa.selenium.remote.HttpCommandExecutor.execute(HttpCommandExecutor.java:136)
	at org.openqa.selenium.remote.service.DriverCommandExecutor.execute(DriverCommandExecutor.java:83)
	at org.openqa.selenium.remote.RemoteWebDriver.execute(RemoteWebDriver.java:548)
	at org.openqa.selenium.remote.RemoteWebDriver.startSession(RemoteWebDriver.java:212)
	at org.openqa.selenium.remote.RemoteWebDriver.&lt;init&gt;(RemoteWebDriver.java:130)
	at org.openqa.selenium.chrome.ChromeDriver.&lt;init&gt;(ChromeDriver.java:181)
	at org.openqa.selenium.chrome.ChromeDriver.&lt;init&gt;(ChromeDriver.java:168)
	at org.openqa.selenium.chrome.ChromeDriver.&lt;init&gt;(ChromeDriver.java:123)
	at resources.baseProperties.intializeDriver(baseProperties.java:44)
	at VW_TC.TC0007_login_With_Partner_User.applicationLaunch(TC0007_login_With_Partner_User.java:33)
	at sun.reflect.NativeMethodAccessorImpl.invoke0(Native Method)
	at sun.reflect.NativeMethodAccessorImpl.invoke(NativeMethodAccessorImpl.java:62)
	at sun.reflect.DelegatingMethodAccessorImpl.invoke(DelegatingMethodAccessorImpl.java:43)
	at java.lang.reflect.Method.invoke(Method.java:498)
	at org.testng.internal.MethodInvocationHelper.invokeMethod(MethodInvocationHelper.java:124)
	at org.testng.internal.MethodInvocationHelper.invokeMethodConsideringTimeout(MethodInvocationHelper.java:59)
	at org.testng.internal.Invoker.invokeConfigurationMethod(Invoker.java:458)
	at org.testng.internal.Invoker.invokeConfigurations(Invoker.java:222)
	at org.testng.internal.Invoker.invokeConfigurations(Invoker.java:142)
	at org.testng.TestRunner.beforeRun(TestRunner.java:529)
	at org.testng.TestRunner.run(TestRunner.java:497)
	at org.testng.SuiteRunner.runTest(SuiteRunner.java:455)
	at org.testng.SuiteRunner.runSequentially(SuiteRunner.java:450)
	at org.testng.SuiteRunner.privateRun(SuiteRunner.java:415)
	at org.testng.SuiteRunner.run(SuiteRunner.java:364)
	at org.testng.SuiteRunnerWorker.runSuite(SuiteRunnerWorker.java:52)
	at org.testng.SuiteRunnerWorker.run(SuiteRunnerWorker.java:84)
	at org.testng.TestNG.runSuitesSequentially(TestNG.java:1208)
	at org.testng.TestNG.runSuitesLocally(TestNG.java:1137)
	at org.testng.TestNG.runSuites(TestNG.java:1049)
	at org.testng.TestNG.run(TestNG.java:1017)
	at org.apache.maven.surefire.testng.TestNGExecutor.run(TestNGExecutor.java:283)
	at org.apache.maven.surefire.testng.TestNGXmlTestSuite.execute(TestNGXmlTestSuite.java:75)
	at org.apache.maven.surefire.testng.TestNGProvider.invoke(TestNGProvider.java:120)
	at org.apache.maven.surefire.booter.ForkedBooter.invokeProviderInSameClassLoader(ForkedBooter.java:383)
	at org.apache.maven.surefire.booter.ForkedBooter.runSuitesInProcess(ForkedBooter.java:344)
	at org.apache.maven.surefire.booter.ForkedBooter.execute(ForkedBooter.java:125)
	at org.apache.maven.surefire.booter.ForkedBooter.main(ForkedBooter.java:417)
</pre></div></td>
<td>2</td>
<td>VW_TC.TC0007_login_With_Partner_User@223191a6</td></tr>
</table><p>
<table width='100%' border='1' class='invocation-skipped'>
<tr><td colspan='4' align='center'><b>SKIPPED CONFIGURATIONS</b></td></tr>
<tr><td><b>Test method</b></td>
<td width="30%"><b>Exception</b></td>
<td width="10%"><b>Time (seconds)</b></td>
<td><b>Instance</b></td>
</tr>
<tr>
<td title='VW_TC.TC0007_login_With_Partner_User.applicationClose()'><b>applicationClose</b><br>Test class: VW_TC.TC0007_login_With_Partner_User</td>
<td></td>
<td>0</td>
<td>VW_TC.TC0007_login_With_Partner_User@223191a6</td></tr>
</table><p>
<table width='100%' border='1' class='invocation-skipped'>
<tr><td colspan='4' align='center'><b>SKIPPED TESTS</b></td></tr>
<tr><td><b>Test method</b></td>
<td width="30%"><b>Exception</b></td>
<td width="10%"><b>Time (seconds)</b></td>
<td><b>Instance</b></td>
</tr>
<tr>
<td title='VW_TC.TC0007_login_With_Partner_User.TabValidation()'><b>TabValidation</b><br>Test class: VW_TC.TC0007_login_With_Partner_User</td>
<td><div><pre>org.openqa.selenium.SessionNotCreatedException: session not created
from disconnected: received Inspector.detached event
  (Session info: chrome=75.0.3770.100)
Build info: version: &apos;3.14.0&apos;, revision: &apos;aacccce0&apos;, time: &apos;2018-08-02T20:19:58.91Z&apos;
System info: host: &apos;REM-L-SINGHH&apos;, ip: &apos;10.12.60.27&apos;, os.name: &apos;Windows 10&apos;, os.arch: &apos;amd64&apos;, os.version: &apos;10.0&apos;, java.version: &apos;1.8.0_171&apos;
Driver info: driver.version: ChromeDriver
remote stacktrace: Backtrace:
	Ordinal0 [0x004E1B23+1448739]
	Ordinal0 [0x00465A11+940561]
	Ordinal0 [0x003F2293+467603]
	Ordinal0 [0x003EAB29+437033]
	Ordinal0 [0x003EA718+435992]
	Ordinal0 [0x003EA491+435345]
	Ordinal0 [0x003E9ADC+432860]
	Ordinal0 [0x003E9674+431732]
	Ordinal0 [0x003E9635+431669]
	Ordinal0 [0x003EDC99+449689]
	Ordinal0 [0x003E95EC+431596]
	Ordinal0 [0x003EA145+434501]
	Ordinal0 [0x003E9ADC+432860]
	Ordinal0 [0x003E9674+431732]
	Ordinal0 [0x003E9635+431669]
	Ordinal0 [0x003ED437+447543]
	Ordinal0 [0x003E95EC+431596]
	Ordinal0 [0x003EA145+434501]
	Ordinal0 [0x003E9ADC+432860]
	Ordinal0 [0x003E9674+431732]
	Ordinal0 [0x003E9635+431669]
	Ordinal0 [0x003E62CC+418508]
	Ordinal0 [0x003E95EC+431596]
	Ordinal0 [0x003E94D4+431316]
	Ordinal0 [0x003F2EF0+470768]
	Ordinal0 [0x003A94CE+169166]
	Ordinal0 [0x003A88ED+166125]
	Ordinal0 [0x003A6FFB+159739]
	Ordinal0 [0x003909F6+68086]
	Ordinal0 [0x00391990+72080]
	Ordinal0 [0x00391929+71977]
	GetHandleVerifier [0x00622E4C+1172140]
	GetHandleVerifier [0x0057FE35+504469]
	GetHandleVerifier [0x0057FBD0+503856]
	Ordinal0 [0x004EC9A8+1493416]
	GetHandleVerifier [0x0058060A+506474]
	Ordinal0 [0x00477136+1012022]
	Ordinal0 [0x00476FAF+1011631]
	Ordinal0 [0x0048133B+1053499]
	Ordinal0 [0x004814A3+1053859]
	Ordinal0 [0x004804D5+1049813]
	BaseThreadInitThunk [0x75D862C4+36]
	RtlSubscribeWnfStateChangeNotification [0x77E60FA9+1081]
	RtlSubscribeWnfStateChangeNotification [0x77E60F74+1028]

	at org.openqa.selenium.remote.W3CHandshakeResponse.lambda$new$0(W3CHandshakeResponse.java:57)
	at org.openqa.selenium.remote.W3CHandshakeResponse.lambda$getResponseFunction$2(W3CHandshakeResponse.java:104)
	at org.openqa.selenium.remote.ProtocolHandshake.lambda$createSession$0(ProtocolHandshake.java:122)
	at java.util.stream.ReferencePipeline$3$1.accept(ReferencePipeline.java:193)
	at java.util.Spliterators$ArraySpliterator.tryAdvance(Spliterators.java:958)
	at java.util.stream.ReferencePipeline.forEachWithCancel(ReferencePipeline.java:126)
	at java.util.stream.AbstractPipeline.copyIntoWithCancel(AbstractPipeline.java:498)
	at java.util.stream.AbstractPipeline.copyInto(AbstractPipeline.java:485)
	at java.util.stream.AbstractPipeline.wrapAndCopyInto(AbstractPipeline.java:471)
	at java.util.stream.FindOps$FindOp.evaluateSequential(FindOps.java:152)
	at java.util.stream.AbstractPipeline.evaluate(AbstractPipeline.java:234)
	at java.util.stream.ReferencePipeline.findFirst(ReferencePipeline.java:464)
	at org.openqa.selenium.remote.ProtocolHandshake.createSession(ProtocolHandshake.java:125)
	at org.openqa.selenium.remote.ProtocolHandshake.createSession(ProtocolHandshake.java:73)
	at org.openqa.selenium.remote.HttpCommandExecutor.execute(HttpCommandExecutor.java:136)
	at org.openqa.selenium.remote.service.DriverCommandExecutor.execute(DriverCommandExecutor.java:83)
	at org.openqa.selenium.remote.RemoteWebDriver.execute(RemoteWebDriver.java:548)
	at org.openqa.selenium.remote.RemoteWebDriver.startSession(RemoteWebDriver.java:212)
	at org.openqa.selenium.remote.RemoteWebDriver.&lt;init&gt;(RemoteWebDriver.java:130)
	at org.openqa.selenium.chrome.ChromeDriver.&lt;init&gt;(ChromeDriver.java:181)
	at org.openqa.selenium.chrome.ChromeDriver.&lt;init&gt;(ChromeDriver.java:168)
	at org.openqa.selenium.chrome.ChromeDriver.&lt;init&gt;(ChromeDriver.java:123)
	at resources.baseProperties.intializeDriver(baseProperties.java:44)
	at VW_TC.TC0007_login_With_Partner_User.applicationLaunch(TC0007_login_With_Partner_User.java:33)
... Removed 32 stack frames</pre></div><a href='#' onClick='toggleBox("stack-trace1521204009", this, "Click to show all stack frames", "Click to hide stack frames")'>Click to show all stack frames</a>
<div class='stack-trace' id='stack-trace1521204009'><pre>org.openqa.selenium.SessionNotCreatedException: session not created
from disconnected: received Inspector.detached event
  (Session info: chrome=75.0.3770.100)
Build info: version: &apos;3.14.0&apos;, revision: &apos;aacccce0&apos;, time: &apos;2018-08-02T20:19:58.91Z&apos;
System info: host: &apos;REM-L-SINGHH&apos;, ip: &apos;10.12.60.27&apos;, os.name: &apos;Windows 10&apos;, os.arch: &apos;amd64&apos;, os.version: &apos;10.0&apos;, java.version: &apos;1.8.0_171&apos;
Driver info: driver.version: ChromeDriver
remote stacktrace: Backtrace:
	Ordinal0 [0x004E1B23+1448739]
	Ordinal0 [0x00465A11+940561]
	Ordinal0 [0x003F2293+467603]
	Ordinal0 [0x003EAB29+437033]
	Ordinal0 [0x003EA718+435992]
	Ordinal0 [0x003EA491+435345]
	Ordinal0 [0x003E9ADC+432860]
	Ordinal0 [0x003E9674+431732]
	Ordinal0 [0x003E9635+431669]
	Ordinal0 [0x003EDC99+449689]
	Ordinal0 [0x003E95EC+431596]
	Ordinal0 [0x003EA145+434501]
	Ordinal0 [0x003E9ADC+432860]
	Ordinal0 [0x003E9674+431732]
	Ordinal0 [0x003E9635+431669]
	Ordinal0 [0x003ED437+447543]
	Ordinal0 [0x003E95EC+431596]
	Ordinal0 [0x003EA145+434501]
	Ordinal0 [0x003E9ADC+432860]
	Ordinal0 [0x003E9674+431732]
	Ordinal0 [0x003E9635+431669]
	Ordinal0 [0x003E62CC+418508]
	Ordinal0 [0x003E95EC+431596]
	Ordinal0 [0x003E94D4+431316]
	Ordinal0 [0x003F2EF0+470768]
	Ordinal0 [0x003A94CE+169166]
	Ordinal0 [0x003A88ED+166125]
	Ordinal0 [0x003A6FFB+159739]
	Ordinal0 [0x003909F6+68086]
	Ordinal0 [0x00391990+72080]
	Ordinal0 [0x00391929+71977]
	GetHandleVerifier [0x00622E4C+1172140]
	GetHandleVerifier [0x0057FE35+504469]
	GetHandleVerifier [0x0057FBD0+503856]
	Ordinal0 [0x004EC9A8+1493416]
	GetHandleVerifier [0x0058060A+506474]
	Ordinal0 [0x00477136+1012022]
	Ordinal0 [0x00476FAF+1011631]
	Ordinal0 [0x0048133B+1053499]
	Ordinal0 [0x004814A3+1053859]
	Ordinal0 [0x004804D5+1049813]
	BaseThreadInitThunk [0x75D862C4+36]
	RtlSubscribeWnfStateChangeNotification [0x77E60FA9+1081]
	RtlSubscribeWnfStateChangeNotification [0x77E60F74+1028]

	at sun.reflect.NativeConstructorAccessorImpl.newInstance0(Native Method)
	at sun.reflect.NativeConstructorAccessorImpl.newInstance(NativeConstructorAccessorImpl.java:62)
	at sun.reflect.DelegatingConstructorAccessorImpl.newInstance(DelegatingConstructorAccessorImpl.java:45)
	at java.lang.reflect.Constructor.newInstance(Constructor.java:423)
	at org.openqa.selenium.remote.W3CHandshakeResponse.lambda$new$0(W3CHandshakeResponse.java:57)
	at org.openqa.selenium.remote.W3CHandshakeResponse.lambda$getResponseFunction$2(W3CHandshakeResponse.java:104)
	at org.openqa.selenium.remote.ProtocolHandshake.lambda$createSession$0(ProtocolHandshake.java:122)
	at java.util.stream.ReferencePipeline$3$1.accept(ReferencePipeline.java:193)
	at java.util.Spliterators$ArraySpliterator.tryAdvance(Spliterators.java:958)
	at java.util.stream.ReferencePipeline.forEachWithCancel(ReferencePipeline.java:126)
	at java.util.stream.AbstractPipeline.copyIntoWithCancel(AbstractPipeline.java:498)
	at java.util.stream.AbstractPipeline.copyInto(AbstractPipeline.java:485)
	at java.util.stream.AbstractPipeline.wrapAndCopyInto(AbstractPipeline.java:471)
	at java.util.stream.FindOps$FindOp.evaluateSequential(FindOps.java:152)
	at java.util.stream.AbstractPipeline.evaluate(AbstractPipeline.java:234)
	at java.util.stream.ReferencePipeline.findFirst(ReferencePipeline.java:464)
	at org.openqa.selenium.remote.ProtocolHandshake.createSession(ProtocolHandshake.java:125)
	at org.openqa.selenium.remote.ProtocolHandshake.createSession(ProtocolHandshake.java:73)
	at org.openqa.selenium.remote.HttpCommandExecutor.execute(HttpCommandExecutor.java:136)
	at org.openqa.selenium.remote.service.DriverCommandExecutor.execute(DriverCommandExecutor.java:83)
	at org.openqa.selenium.remote.RemoteWebDriver.execute(RemoteWebDriver.java:548)
	at org.openqa.selenium.remote.RemoteWebDriver.startSession(RemoteWebDriver.java:212)
	at org.openqa.selenium.remote.RemoteWebDriver.&lt;init&gt;(RemoteWebDriver.java:130)
	at org.openqa.selenium.chrome.ChromeDriver.&lt;init&gt;(ChromeDriver.java:181)
	at org.openqa.selenium.chrome.ChromeDriver.&lt;init&gt;(ChromeDriver.java:168)
	at org.openqa.selenium.chrome.ChromeDriver.&lt;init&gt;(ChromeDriver.java:123)
	at resources.baseProperties.intializeDriver(baseProperties.java:44)
	at VW_TC.TC0007_login_With_Partner_User.applicationLaunch(TC0007_login_With_Partner_User.java:33)
	at sun.reflect.NativeMethodAccessorImpl.invoke0(Native Method)
	at sun.reflect.NativeMethodAccessorImpl.invoke(NativeMethodAccessorImpl.java:62)
	at sun.reflect.DelegatingMethodAccessorImpl.invoke(DelegatingMethodAccessorImpl.java:43)
	at java.lang.reflect.Method.invoke(Method.java:498)
	at org.testng.internal.MethodInvocationHelper.invokeMethod(MethodInvocationHelper.java:124)
	at org.testng.internal.MethodInvocationHelper.invokeMethodConsideringTimeout(MethodInvocationHelper.java:59)
	at org.testng.internal.Invoker.invokeConfigurationMethod(Invoker.java:458)
	at org.testng.internal.Invoker.invokeConfigurations(Invoker.java:222)
	at org.testng.internal.Invoker.invokeConfigurations(Invoker.java:142)
	at org.testng.TestRunner.beforeRun(TestRunner.java:529)
	at org.testng.TestRunner.run(TestRunner.java:497)
	at org.testng.SuiteRunner.runTest(SuiteRunner.java:455)
	at org.testng.SuiteRunner.runSequentially(SuiteRunner.java:450)
	at org.testng.SuiteRunner.privateRun(SuiteRunner.java:415)
	at org.testng.SuiteRunner.run(SuiteRunner.java:364)
	at org.testng.SuiteRunnerWorker.runSuite(SuiteRunnerWorker.java:52)
	at org.testng.SuiteRunnerWorker.run(SuiteRunnerWorker.java:84)
	at org.testng.TestNG.runSuitesSequentially(TestNG.java:1208)
	at org.testng.TestNG.runSuitesLocally(TestNG.java:1137)
	at org.testng.TestNG.runSuites(TestNG.java:1049)
	at org.testng.TestNG.run(TestNG.java:1017)
	at org.apache.maven.surefire.testng.TestNGExecutor.run(TestNGExecutor.java:283)
	at org.apache.maven.surefire.testng.TestNGXmlTestSuite.execute(TestNGXmlTestSuite.java:75)
	at org.apache.maven.surefire.testng.TestNGProvider.invoke(TestNGProvider.java:120)
	at org.apache.maven.surefire.booter.ForkedBooter.invokeProviderInSameClassLoader(ForkedBooter.java:383)
	at org.apache.maven.surefire.booter.ForkedBooter.runSuitesInProcess(ForkedBooter.java:344)
	at org.apache.maven.surefire.booter.ForkedBooter.execute(ForkedBooter.java:125)
	at org.apache.maven.surefire.booter.ForkedBooter.main(ForkedBooter.java:417)
</pre></div></td>
<td>0</td>
<td>VW_TC.TC0007_login_With_Partner_User@223191a6</td></tr>
<tr>
<td title='VW_TC.TC0007_login_With_Partner_User.logInScreen()'><b>logInScreen</b><br>Test class: VW_TC.TC0007_login_With_Partner_User</td>
<td><div><pre>org.openqa.selenium.SessionNotCreatedException: session not created
from disconnected: received Inspector.detached event
  (Session info: chrome=75.0.3770.100)
Build info: version: &apos;3.14.0&apos;, revision: &apos;aacccce0&apos;, time: &apos;2018-08-02T20:19:58.91Z&apos;
System info: host: &apos;REM-L-SINGHH&apos;, ip: &apos;10.12.60.27&apos;, os.name: &apos;Windows 10&apos;, os.arch: &apos;amd64&apos;, os.version: &apos;10.0&apos;, java.version: &apos;1.8.0_171&apos;
Driver info: driver.version: ChromeDriver
remote stacktrace: Backtrace:
	Ordinal0 [0x004E1B23+1448739]
	Ordinal0 [0x00465A11+940561]
	Ordinal0 [0x003F2293+467603]
	Ordinal0 [0x003EAB29+437033]
	Ordinal0 [0x003EA718+435992]
	Ordinal0 [0x003EA491+435345]
	Ordinal0 [0x003E9ADC+432860]
	Ordinal0 [0x003E9674+431732]
	Ordinal0 [0x003E9635+431669]
	Ordinal0 [0x003EDC99+449689]
	Ordinal0 [0x003E95EC+431596]
	Ordinal0 [0x003EA145+434501]
	Ordinal0 [0x003E9ADC+432860]
	Ordinal0 [0x003E9674+431732]
	Ordinal0 [0x003E9635+431669]
	Ordinal0 [0x003ED437+447543]
	Ordinal0 [0x003E95EC+431596]
	Ordinal0 [0x003EA145+434501]
	Ordinal0 [0x003E9ADC+432860]
	Ordinal0 [0x003E9674+431732]
	Ordinal0 [0x003E9635+431669]
	Ordinal0 [0x003E62CC+418508]
	Ordinal0 [0x003E95EC+431596]
	Ordinal0 [0x003E94D4+431316]
	Ordinal0 [0x003F2EF0+470768]
	Ordinal0 [0x003A94CE+169166]
	Ordinal0 [0x003A88ED+166125]
	Ordinal0 [0x003A6FFB+159739]
	Ordinal0 [0x003909F6+68086]
	Ordinal0 [0x00391990+72080]
	Ordinal0 [0x00391929+71977]
	GetHandleVerifier [0x00622E4C+1172140]
	GetHandleVerifier [0x0057FE35+504469]
	GetHandleVerifier [0x0057FBD0+503856]
	Ordinal0 [0x004EC9A8+1493416]
	GetHandleVerifier [0x0058060A+506474]
	Ordinal0 [0x00477136+1012022]
	Ordinal0 [0x00476FAF+1011631]
	Ordinal0 [0x0048133B+1053499]
	Ordinal0 [0x004814A3+1053859]
	Ordinal0 [0x004804D5+1049813]
	BaseThreadInitThunk [0x75D862C4+36]
	RtlSubscribeWnfStateChangeNotification [0x77E60FA9+1081]
	RtlSubscribeWnfStateChangeNotification [0x77E60F74+1028]

	at org.openqa.selenium.remote.W3CHandshakeResponse.lambda$new$0(W3CHandshakeResponse.java:57)
	at org.openqa.selenium.remote.W3CHandshakeResponse.lambda$getResponseFunction$2(W3CHandshakeResponse.java:104)
	at org.openqa.selenium.remote.ProtocolHandshake.lambda$createSession$0(ProtocolHandshake.java:122)
	at java.util.stream.ReferencePipeline$3$1.accept(ReferencePipeline.java:193)
	at java.util.Spliterators$ArraySpliterator.tryAdvance(Spliterators.java:958)
	at java.util.stream.ReferencePipeline.forEachWithCancel(ReferencePipeline.java:126)
	at java.util.stream.AbstractPipeline.copyIntoWithCancel(AbstractPipeline.java:498)
	at java.util.stream.AbstractPipeline.copyInto(AbstractPipeline.java:485)
	at java.util.stream.AbstractPipeline.wrapAndCopyInto(AbstractPipeline.java:471)
	at java.util.stream.FindOps$FindOp.evaluateSequential(FindOps.java:152)
	at java.util.stream.AbstractPipeline.evaluate(AbstractPipeline.java:234)
	at java.util.stream.ReferencePipeline.findFirst(ReferencePipeline.java:464)
	at org.openqa.selenium.remote.ProtocolHandshake.createSession(ProtocolHandshake.java:125)
	at org.openqa.selenium.remote.ProtocolHandshake.createSession(ProtocolHandshake.java:73)
	at org.openqa.selenium.remote.HttpCommandExecutor.execute(HttpCommandExecutor.java:136)
	at org.openqa.selenium.remote.service.DriverCommandExecutor.execute(DriverCommandExecutor.java:83)
	at org.openqa.selenium.remote.RemoteWebDriver.execute(RemoteWebDriver.java:548)
	at org.openqa.selenium.remote.RemoteWebDriver.startSession(RemoteWebDriver.java:212)
	at org.openqa.selenium.remote.RemoteWebDriver.&lt;init&gt;(RemoteWebDriver.java:130)
	at org.openqa.selenium.chrome.ChromeDriver.&lt;init&gt;(ChromeDriver.java:181)
	at org.openqa.selenium.chrome.ChromeDriver.&lt;init&gt;(ChromeDriver.java:168)
	at org.openqa.selenium.chrome.ChromeDriver.&lt;init&gt;(ChromeDriver.java:123)
	at resources.baseProperties.intializeDriver(baseProperties.java:44)
	at VW_TC.TC0007_login_With_Partner_User.applicationLaunch(TC0007_login_With_Partner_User.java:33)
... Removed 32 stack frames</pre></div><a href='#' onClick='toggleBox("stack-trace1418622705", this, "Click to show all stack frames", "Click to hide stack frames")'>Click to show all stack frames</a>
<div class='stack-trace' id='stack-trace1418622705'><pre>org.openqa.selenium.SessionNotCreatedException: session not created
from disconnected: received Inspector.detached event
  (Session info: chrome=75.0.3770.100)
Build info: version: &apos;3.14.0&apos;, revision: &apos;aacccce0&apos;, time: &apos;2018-08-02T20:19:58.91Z&apos;
System info: host: &apos;REM-L-SINGHH&apos;, ip: &apos;10.12.60.27&apos;, os.name: &apos;Windows 10&apos;, os.arch: &apos;amd64&apos;, os.version: &apos;10.0&apos;, java.version: &apos;1.8.0_171&apos;
Driver info: driver.version: ChromeDriver
remote stacktrace: Backtrace:
	Ordinal0 [0x004E1B23+1448739]
	Ordinal0 [0x00465A11+940561]
	Ordinal0 [0x003F2293+467603]
	Ordinal0 [0x003EAB29+437033]
	Ordinal0 [0x003EA718+435992]
	Ordinal0 [0x003EA491+435345]
	Ordinal0 [0x003E9ADC+432860]
	Ordinal0 [0x003E9674+431732]
	Ordinal0 [0x003E9635+431669]
	Ordinal0 [0x003EDC99+449689]
	Ordinal0 [0x003E95EC+431596]
	Ordinal0 [0x003EA145+434501]
	Ordinal0 [0x003E9ADC+432860]
	Ordinal0 [0x003E9674+431732]
	Ordinal0 [0x003E9635+431669]
	Ordinal0 [0x003ED437+447543]
	Ordinal0 [0x003E95EC+431596]
	Ordinal0 [0x003EA145+434501]
	Ordinal0 [0x003E9ADC+432860]
	Ordinal0 [0x003E9674+431732]
	Ordinal0 [0x003E9635+431669]
	Ordinal0 [0x003E62CC+418508]
	Ordinal0 [0x003E95EC+431596]
	Ordinal0 [0x003E94D4+431316]
	Ordinal0 [0x003F2EF0+470768]
	Ordinal0 [0x003A94CE+169166]
	Ordinal0 [0x003A88ED+166125]
	Ordinal0 [0x003A6FFB+159739]
	Ordinal0 [0x003909F6+68086]
	Ordinal0 [0x00391990+72080]
	Ordinal0 [0x00391929+71977]
	GetHandleVerifier [0x00622E4C+1172140]
	GetHandleVerifier [0x0057FE35+504469]
	GetHandleVerifier [0x0057FBD0+503856]
	Ordinal0 [0x004EC9A8+1493416]
	GetHandleVerifier [0x0058060A+506474]
	Ordinal0 [0x00477136+1012022]
	Ordinal0 [0x00476FAF+1011631]
	Ordinal0 [0x0048133B+1053499]
	Ordinal0 [0x004814A3+1053859]
	Ordinal0 [0x004804D5+1049813]
	BaseThreadInitThunk [0x75D862C4+36]
	RtlSubscribeWnfStateChangeNotification [0x77E60FA9+1081]
	RtlSubscribeWnfStateChangeNotification [0x77E60F74+1028]

	at sun.reflect.NativeConstructorAccessorImpl.newInstance0(Native Method)
	at sun.reflect.NativeConstructorAccessorImpl.newInstance(NativeConstructorAccessorImpl.java:62)
	at sun.reflect.DelegatingConstructorAccessorImpl.newInstance(DelegatingConstructorAccessorImpl.java:45)
	at java.lang.reflect.Constructor.newInstance(Constructor.java:423)
	at org.openqa.selenium.remote.W3CHandshakeResponse.lambda$new$0(W3CHandshakeResponse.java:57)
	at org.openqa.selenium.remote.W3CHandshakeResponse.lambda$getResponseFunction$2(W3CHandshakeResponse.java:104)
	at org.openqa.selenium.remote.ProtocolHandshake.lambda$createSession$0(ProtocolHandshake.java:122)
	at java.util.stream.ReferencePipeline$3$1.accept(ReferencePipeline.java:193)
	at java.util.Spliterators$ArraySpliterator.tryAdvance(Spliterators.java:958)
	at java.util.stream.ReferencePipeline.forEachWithCancel(ReferencePipeline.java:126)
	at java.util.stream.AbstractPipeline.copyIntoWithCancel(AbstractPipeline.java:498)
	at java.util.stream.AbstractPipeline.copyInto(AbstractPipeline.java:485)
	at java.util.stream.AbstractPipeline.wrapAndCopyInto(AbstractPipeline.java:471)
	at java.util.stream.FindOps$FindOp.evaluateSequential(FindOps.java:152)
	at java.util.stream.AbstractPipeline.evaluate(AbstractPipeline.java:234)
	at java.util.stream.ReferencePipeline.findFirst(ReferencePipeline.java:464)
	at org.openqa.selenium.remote.ProtocolHandshake.createSession(ProtocolHandshake.java:125)
	at org.openqa.selenium.remote.ProtocolHandshake.createSession(ProtocolHandshake.java:73)
	at org.openqa.selenium.remote.HttpCommandExecutor.execute(HttpCommandExecutor.java:136)
	at org.openqa.selenium.remote.service.DriverCommandExecutor.execute(DriverCommandExecutor.java:83)
	at org.openqa.selenium.remote.RemoteWebDriver.execute(RemoteWebDriver.java:548)
	at org.openqa.selenium.remote.RemoteWebDriver.startSession(RemoteWebDriver.java:212)
	at org.openqa.selenium.remote.RemoteWebDriver.&lt;init&gt;(RemoteWebDriver.java:130)
	at org.openqa.selenium.chrome.ChromeDriver.&lt;init&gt;(ChromeDriver.java:181)
	at org.openqa.selenium.chrome.ChromeDriver.&lt;init&gt;(ChromeDriver.java:168)
	at org.openqa.selenium.chrome.ChromeDriver.&lt;init&gt;(ChromeDriver.java:123)
	at resources.baseProperties.intializeDriver(baseProperties.java:44)
	at VW_TC.TC0007_login_With_Partner_User.applicationLaunch(TC0007_login_With_Partner_User.java:33)
	at sun.reflect.NativeMethodAccessorImpl.invoke0(Native Method)
	at sun.reflect.NativeMethodAccessorImpl.invoke(NativeMethodAccessorImpl.java:62)
	at sun.reflect.DelegatingMethodAccessorImpl.invoke(DelegatingMethodAccessorImpl.java:43)
	at java.lang.reflect.Method.invoke(Method.java:498)
	at org.testng.internal.MethodInvocationHelper.invokeMethod(MethodInvocationHelper.java:124)
	at org.testng.internal.MethodInvocationHelper.invokeMethodConsideringTimeout(MethodInvocationHelper.java:59)
	at org.testng.internal.Invoker.invokeConfigurationMethod(Invoker.java:458)
	at org.testng.internal.Invoker.invokeConfigurations(Invoker.java:222)
	at org.testng.internal.Invoker.invokeConfigurations(Invoker.java:142)
	at org.testng.TestRunner.beforeRun(TestRunner.java:529)
	at org.testng.TestRunner.run(TestRunner.java:497)
	at org.testng.SuiteRunner.runTest(SuiteRunner.java:455)
	at org.testng.SuiteRunner.runSequentially(SuiteRunner.java:450)
	at org.testng.SuiteRunner.privateRun(SuiteRunner.java:415)
	at org.testng.SuiteRunner.run(SuiteRunner.java:364)
	at org.testng.SuiteRunnerWorker.runSuite(SuiteRunnerWorker.java:52)
	at org.testng.SuiteRunnerWorker.run(SuiteRunnerWorker.java:84)
	at org.testng.TestNG.runSuitesSequentially(TestNG.java:1208)
	at org.testng.TestNG.runSuitesLocally(TestNG.java:1137)
	at org.testng.TestNG.runSuites(TestNG.java:1049)
	at org.testng.TestNG.run(TestNG.java:1017)
	at org.apache.maven.surefire.testng.TestNGExecutor.run(TestNGExecutor.java:283)
	at org.apache.maven.surefire.testng.TestNGXmlTestSuite.execute(TestNGXmlTestSuite.java:75)
	at org.apache.maven.surefire.testng.TestNGProvider.invoke(TestNGProvider.java:120)
	at org.apache.maven.surefire.booter.ForkedBooter.invokeProviderInSameClassLoader(ForkedBooter.java:383)
	at org.apache.maven.surefire.booter.ForkedBooter.runSuitesInProcess(ForkedBooter.java:344)
	at org.apache.maven.surefire.booter.ForkedBooter.execute(ForkedBooter.java:125)
	at org.apache.maven.surefire.booter.ForkedBooter.main(ForkedBooter.java:417)
</pre></div></td>
<td>0</td>
<td>VW_TC.TC0007_login_With_Partner_User@223191a6</td></tr>
</table><p>
</body>
</html>