<!DOCTYPE html PUBLIC "-//W3C//DTD XHTML 1.1//EN" "http://www.w3.org/TR/xhtml11/DTD/xhtml11.dtd">
<html xmlns="http://www.w3.org/1999/xhtml">
<head>
<meta http-equiv="content-type" content="text/html; charset=UTF-8"/>
<title>TestNG Report</title>
<style type="text/css">table {margin-bottom:10px;border-collapse:collapse;empty-cells:show}th,td {border:1px solid #009;padding:.25em .5em}th {vertical-align:bottom}td {vertical-align:top}table a {font-weight:bold}.stripe td {background-color: #E6EBF9}.num {text-align:right}.passedodd td {background-color: #3F3}.passedeven td {background-color: #0A0}.skippedodd td {background-color: #DDD}.skippedeven td {background-color: #CCC}.failedodd td,.attn {background-color: #F33}.failedeven td,.stripe .attn {background-color: #D00}.stacktrace {white-space:pre;font-family:monospace}.totop {font-size:85%;text-align:center;border-bottom:2px solid #000}.invisible {display:none}</style>
</head>
<body>
<table>
<tr><th>Test</th><th># Passed</th><th># Skipped</th><th># Failed</th><th>Time (ms)</th><th>Included Groups</th><th>Excluded Groups</th></tr>
<tr><th colspan="7">Suite</th></tr>
<tr><td><a href="#t0">001:Test Case Login Page Verification </a></td><td class="num">1</td><td class="num">0</td><td class="num">0</td><td class="num">24,915</td><td></td><td></td></tr>
<tr class="stripe"><td><a href="#t1">002: Test Case Login with &apos;Empirix Admin&apos; Credetials&apos;and verify TabAvailablity</a></td><td class="num">0</td><td class="num attn">2</td><td class="num">0</td><td class="num">1,032,419</td><td></td><td></td></tr>
<tr><td><a href="#t2">003:Test Case Login with &apos;Empirix Business Analyst&apos; Credetials&apos;and verify TabAvailablity</a></td><td class="num">2</td><td class="num">0</td><td class="num">0</td><td class="num">63,075</td><td></td><td></td></tr>
<tr class="stripe"><td><a href="#t3">004: Test Case Login with &apos;Partner Customer Admin&apos; Credetials and verify TabAvailablity</a></td><td class="num">2</td><td class="num">0</td><td class="num">0</td><td class="num">2,044,200</td><td></td><td></td></tr>
<tr><td><a href="#t4">005: Test Case Login with &apos;Partner Developer&apos; Credetials and verify TabAvailablity</a></td><td class="num">2</td><td class="num">0</td><td class="num">0</td><td class="num">2,042,702</td><td></td><td></td></tr>
<tr class="stripe"><td><a href="#t5">006: Test Case Login with &apos;Partner Enhanced User Credetials&apos;and verify TabAvailablity</a></td><td class="num">0</td><td class="num attn">2</td><td class="num">0</td><td class="num">1,043,348</td><td></td><td></td></tr>
<tr><td><a href="#t6">007: Test Case Login with &apos;Partner Use&apos; Credetials and verify TabAvailablity</a></td><td class="num">0</td><td class="num">0</td><td class="num attn">2</td><td class="num">35,773,196</td><td></td><td></td></tr>
<tr class="stripe"><td><a href="#t7">008: Test Case &apos;Login with &apos;Client or Partner Client Customer Admin&apos;and verify TabAvailablity</a></td><td class="num">0</td><td class="num attn">2</td><td class="num">0</td><td class="num">1,011,523</td><td></td><td></td></tr>
<tr><td><a href="#t8">009: Test Case &apos;Login with &apos;Client or Partner Client Developer&apos;and verify TabAvailablity</a></td><td class="num">2</td><td class="num">0</td><td class="num">0</td><td class="num">4,028,023</td><td></td><td></td></tr>
<tr class="stripe"><td><a href="#t9">010: Test Case &apos;Login with &apos;Client or Partner Client Enhanced User&apos;and verify TabAvailablity</a></td><td class="num">2</td><td class="num">0</td><td class="num">0</td><td class="num">4,026,952</td><td></td><td></td></tr>
<tr><td><a href="#t10">011: Test Case &apos;Login with &apos;Client or Partner Client User&apos;and verify TabAvailablity</a></td><td class="num">2</td><td class="num">0</td><td class="num">0</td><td class="num">7,036,873</td><td></td><td></td></tr>
<tr><th>Total</th><th class="num">13</th><th class="num attn">6</th><th class="num attn">2</th><th class="num">58,127,226</th><th colspan="2"></th></tr>
</table>
<table id='summary'><thead><tr><th>Class</th><th>Method</th><th>Start</th><th>Time (ms)</th></tr></thead><tbody><tr><th colspan="4">Suite</th></tr></tbody><tbody id="t0"><tr><th colspan="4">001:Test Case Login Page Verification  &#8212; passed</th></tr><tr class="passedeven"><td rowspan="1">VW_TC.TC0001_login_Page_Verification</td><td><a href="#m0">logInScreenVerification</a></td><td rowspan="1">1561483716716</td><td rowspan="1">457</td></tr></tbody>
<tbody id="t1"><tr><th colspan="4">002: Test Case Login with &apos;Empirix Admin&apos; Credetials&apos;and verify TabAvailablity &#8212; failed (configuration methods)</th></tr><tr class="failedeven"><td rowspan="1">VW_TC.TC0002_login_With_Exmpirix_Admin</td><td><a href="#m1">applicationLaunch</a></td><td rowspan="1">1561483717273</td><td rowspan="1">1032407</td></tr><tr><th colspan="4">002: Test Case Login with &apos;Empirix Admin&apos; Credetials&apos;and verify TabAvailablity &#8212; skipped (configuration methods)</th></tr><tr class="skippedeven"><td rowspan="1">VW_TC.TC0002_login_With_Exmpirix_Admin</td><td><a href="#m2">applicationClose</a></td><td rowspan="1">1561484749692</td><td rowspan="1">0</td></tr><tr><th colspan="4">002: Test Case Login with &apos;Empirix Admin&apos; Credetials&apos;and verify TabAvailablity &#8212; skipped</th></tr><tr class="skippedeven"><td rowspan="2">VW_TC.TC0002_login_With_Exmpirix_Admin</td><td><a href="#m3">TabAvailabilityValidation</a></td><td rowspan="1">1561484749692</td><td rowspan="1">0</td></tr><tr class="skippedeven"><td><a href="#m4">logInWithExpirixAdmin</a></td><td rowspan="1">1561484749692</td><td rowspan="1">0</td></tr></tbody>
<tbody id="t2"><tr><th colspan="4">003:Test Case Login with &apos;Empirix Business Analyst&apos; Credetials&apos;and verify TabAvailablity &#8212; passed</th></tr><tr class="passedeven"><td rowspan="2">VW_TC.TC0003_login_With_Empirix_Business_Analyst</td><td><a href="#m5">TabValidation</a></td><td rowspan="1">1561484812126</td><td rowspan="1">573</td></tr><tr class="passedeven"><td><a href="#m6">logInWithExpirixBusinessAnalyst</a></td><td rowspan="1">1561484781427</td><td rowspan="1">30699</td></tr></tbody>
<tbody id="t3"><tr><th colspan="4">004: Test Case Login with &apos;Partner Customer Admin&apos; Credetials and verify TabAvailablity &#8212; passed</th></tr><tr class="passedeven"><td rowspan="2">VW_TC.TC0004_login_With_Partner_Customer_Admin</td><td><a href="#m7">TabValidation</a></td><td rowspan="1">1561484855980</td><td rowspan="1">2000635</td></tr><tr class="passedeven"><td><a href="#m8">logInWithPartnerCustomerAdmin</a></td><td rowspan="1">1561484834886</td><td rowspan="1">21094</td></tr></tbody>
<tbody id="t4"><tr><th colspan="4">005: Test Case Login with &apos;Partner Developer&apos; Credetials and verify TabAvailablity &#8212; passed</th></tr><tr class="passedeven"><td rowspan="2">VW_TC.TC0005_login_With_Partner_Developer</td><td><a href="#m9">TabValidation</a></td><td rowspan="1">1561486898769</td><td rowspan="1">2000564</td></tr><tr class="passedeven"><td><a href="#m10">logInWithPartnerDevelopment</a></td><td rowspan="1">1561486877353</td><td rowspan="1">21415</td></tr></tbody>
<tbody id="t5"><tr><th colspan="4">006: Test Case Login with &apos;Partner Enhanced User Credetials&apos;and verify TabAvailablity &#8212; failed (configuration methods)</th></tr><tr class="failedeven"><td rowspan="1">VW_TC.TC0006_login_With_Partner_Enhanced_User</td><td><a href="#m11">applicationLaunch</a></td><td rowspan="1">1561488899701</td><td rowspan="1">1043345</td></tr><tr><th colspan="4">006: Test Case Login with &apos;Partner Enhanced User Credetials&apos;and verify TabAvailablity &#8212; skipped (configuration methods)</th></tr><tr class="skippedeven"><td rowspan="1">VW_TC.TC0006_login_With_Partner_Enhanced_User</td><td><a href="#m12">applicationClose</a></td><td rowspan="1">1561489943049</td><td rowspan="1">0</td></tr><tr><th colspan="4">006: Test Case Login with &apos;Partner Enhanced User Credetials&apos;and verify TabAvailablity &#8212; skipped</th></tr><tr class="skippedeven"><td rowspan="2">VW_TC.TC0006_login_With_Partner_Enhanced_User</td><td><a href="#m13">TabValidation</a></td><td rowspan="1">1561489943048</td><td rowspan="1">0</td></tr><tr class="skippedeven"><td><a href="#m14">logInWithPartnerEnhancedUser</a></td><td rowspan="1">1561489943048</td><td rowspan="1">0</td></tr></tbody>
<tbody id="t6"><tr><th colspan="4">007: Test Case Login with &apos;Partner Use&apos; Credetials and verify TabAvailablity &#8212; failed</th></tr><tr class="failedeven"><td rowspan="2">VW_TC.TC0007_login_With_Partner_User</td><td><a href="#m15">TabValidation</a></td><td rowspan="1">1561489970245</td><td rowspan="1">35743716</td></tr><tr class="failedeven"><td><a href="#m16">logInWithPartnerUser</a></td><td rowspan="1">1561489970204</td><td rowspan="1">41</td></tr></tbody>
<tbody id="t7"><tr><th colspan="4">008: Test Case &apos;Login with &apos;Client or Partner Client Customer Admin&apos;and verify TabAvailablity &#8212; failed (configuration methods)</th></tr><tr class="failedeven"><td rowspan="1">VW_TC.TC0008_login_With_Client_OR_Partner_Client_Custmer_Admin</td><td><a href="#m17">applicationLaunch</a></td><td rowspan="1">1561525716273</td><td rowspan="1">1011522</td></tr><tr><th colspan="4">008: Test Case &apos;Login with &apos;Client or Partner Client Customer Admin&apos;and verify TabAvailablity &#8212; skipped (configuration methods)</th></tr><tr class="skippedeven"><td rowspan="1">VW_TC.TC0008_login_With_Client_OR_Partner_Client_Custmer_Admin</td><td><a href="#m18">applicationClose</a></td><td rowspan="1">1561526727796</td><td rowspan="1">0</td></tr><tr><th colspan="4">008: Test Case &apos;Login with &apos;Client or Partner Client Customer Admin&apos;and verify TabAvailablity &#8212; skipped</th></tr><tr class="skippedeven"><td rowspan="2">VW_TC.TC0008_login_With_Client_OR_Partner_Client_Custmer_Admin</td><td><a href="#m19">TabValidation</a></td><td rowspan="1">1561526727796</td><td rowspan="1">0</td></tr><tr class="skippedeven"><td><a href="#m20">logInWithPartnerClient_CustomerAdmin</a></td><td rowspan="1">1561526727796</td><td rowspan="1">0</td></tr></tbody>
<tbody id="t8"><tr><th colspan="4">009: Test Case &apos;Login with &apos;Client or Partner Client Developer&apos;and verify TabAvailablity &#8212; passed</th></tr><tr class="passedeven"><td rowspan="2">VW_TC.TC0009_login_With_Client_OR_Partner_Client_Developer</td><td><a href="#m21">TabValidation</a></td><td rowspan="1">1561526754835</td><td rowspan="1">4000613</td></tr><tr class="passedeven"><td><a href="#m22">logInWithPartnerClient_Development</a></td><td rowspan="1">1561526744508</td><td rowspan="1">10327</td></tr></tbody>
<tbody id="t9"><tr><th colspan="4">010: Test Case &apos;Login with &apos;Client or Partner Client Enhanced User&apos;and verify TabAvailablity &#8212; passed</th></tr><tr class="passedeven"><td rowspan="2">VW_TC.TC0010_login_With_Client_OR_Partner_Client_Enhanced_User</td><td><a href="#m23">TabValidation</a></td><td rowspan="1">1561530781901</td><td rowspan="1">4000516</td></tr><tr class="passedeven"><td><a href="#m24">logInWithPartnerClient_EnhancedUser</a></td><td rowspan="1">1561530771873</td><td rowspan="1">10027</td></tr></tbody>
<tbody id="t10"><tr><th colspan="4">011: Test Case &apos;Login with &apos;Client or Partner Client User&apos;and verify TabAvailablity &#8212; passed</th></tr><tr class="passedeven"><td rowspan="2">VW_TC.TC0011_login_With_Client_OR_Partner_Client_User</td><td><a href="#m25">TabValidation</a></td><td rowspan="1">1561534816646</td><td rowspan="1">7000658</td></tr><tr class="passedeven"><td><a href="#m26">logInWithPartnerClient_User</a></td><td rowspan="1">1561534803054</td><td rowspan="1">13592</td></tr></tbody>
</table>
<h2>001:Test Case Login Page Verification </h2><h3 id="m0">VW_TC.TC0001_login_Page_Verification#logInScreenVerification</h3><table class="result"><tr><th class="invisible"/></tr></table><p class="totop"><a href="#summary">back to summary</a></p>
<h2>002: Test Case Login with &apos;Empirix Admin&apos; Credetials&apos;and verify TabAvailablity</h2><h3 id="m1">VW_TC.TC0002_login_With_Exmpirix_Admin#applicationLaunch</h3><table class="result"><tr><th>Exception</th></tr><tr><td><div class="stacktrace">org.openqa.selenium.NoSuchElementException: no such element: Unable to locate element: {&quot;method&quot;:&quot;xpath&quot;,&quot;selector&quot;:&quot;//*[@id=&quot;wrapper&quot;]/div[1]/nav/div[1]/a/img&quot;}
  (Session info: chrome=75.0.3770.100)
For documentation on this error, please visit: http://seleniumhq.org/exceptions/no_such_element.html
Build info: version: &apos;3.14.0&apos;, revision: &apos;aacccce0&apos;, time: &apos;2018-08-02T20:19:58.91Z&apos;
System info: host: &apos;REM-L-SINGHH&apos;, ip: &apos;10.12.60.25&apos;, os.name: &apos;Windows 10&apos;, os.arch: &apos;amd64&apos;, os.version: &apos;10.0&apos;, java.version: &apos;1.8.0_171&apos;
Driver info: org.openqa.selenium.chrome.ChromeDriver
Capabilities {acceptInsecureCerts: false, browserName: chrome, browserVersion: 75.0.3770.100, chrome: {chromedriverVersion: 75.0.3770.90 (a6dcaf7e3ec6f..., userDataDir: C:\Windows\TEMP\scoped_dir2...}, goog:chromeOptions: {debuggerAddress: localhost:62475}, javascriptEnabled: true, networkConnectionEnabled: false, pageLoadStrategy: normal, platform: XP, platformName: XP, proxy: Proxy(), setWindowRect: true, strictFileInteractability: false, timeouts: {implicit: 0, pageLoad: 300000, script: 30000}, unhandledPromptBehavior: dismiss and notify}
Session ID: 2453d32fbf12bf2a2b007ba57a1640c9
*** Element info: {Using=xpath, value=//*[@id=&quot;wrapper&quot;]/div[1]/nav/div[1]/a/img}
	at org.openqa.selenium.remote.http.W3CHttpResponseCodec.createException(W3CHttpResponseCodec.java:187)
	at org.openqa.selenium.remote.http.W3CHttpResponseCodec.decode(W3CHttpResponseCodec.java:122)
	at org.openqa.selenium.remote.http.W3CHttpResponseCodec.decode(W3CHttpResponseCodec.java:49)
	at org.openqa.selenium.remote.HttpCommandExecutor.execute(HttpCommandExecutor.java:158)
	at org.openqa.selenium.remote.service.DriverCommandExecutor.execute(DriverCommandExecutor.java:83)
	at org.openqa.selenium.remote.RemoteWebDriver.execute(RemoteWebDriver.java:548)
	at org.openqa.selenium.remote.RemoteWebDriver.findElement(RemoteWebDriver.java:322)
	at org.openqa.selenium.remote.RemoteWebDriver.findElementByXPath(RemoteWebDriver.java:424)
	at org.openqa.selenium.By$ByXPath.findElement(By.java:353)
	at org.openqa.selenium.remote.RemoteWebDriver.findElement(RemoteWebDriver.java:314)
	at resources.baseProperties.intializeDriver(baseProperties.java:79)
	at VW_TC.TC0002_login_With_Exmpirix_Admin.applicationLaunch(TC0002_login_With_Exmpirix_Admin.java:33)
... Removed 32 stack frames</div></td></tr></table><p class="totop"><a href="#summary">back to summary</a></p>
<h3 id="m2">VW_TC.TC0002_login_With_Exmpirix_Admin#applicationClose</h3><table class="result"><tr><th class="invisible"/></tr></table><p class="totop"><a href="#summary">back to summary</a></p>
<h3 id="m3">VW_TC.TC0002_login_With_Exmpirix_Admin#TabAvailabilityValidation</h3><table class="result"><tr><th>Exception</th></tr><tr><td><div class="stacktrace">org.openqa.selenium.NoSuchElementException: no such element: Unable to locate element: {&quot;method&quot;:&quot;xpath&quot;,&quot;selector&quot;:&quot;//*[@id=&quot;wrapper&quot;]/div[1]/nav/div[1]/a/img&quot;}
  (Session info: chrome=75.0.3770.100)
For documentation on this error, please visit: http://seleniumhq.org/exceptions/no_such_element.html
Build info: version: &apos;3.14.0&apos;, revision: &apos;aacccce0&apos;, time: &apos;2018-08-02T20:19:58.91Z&apos;
System info: host: &apos;REM-L-SINGHH&apos;, ip: &apos;10.12.60.25&apos;, os.name: &apos;Windows 10&apos;, os.arch: &apos;amd64&apos;, os.version: &apos;10.0&apos;, java.version: &apos;1.8.0_171&apos;
Driver info: org.openqa.selenium.chrome.ChromeDriver
Capabilities {acceptInsecureCerts: false, browserName: chrome, browserVersion: 75.0.3770.100, chrome: {chromedriverVersion: 75.0.3770.90 (a6dcaf7e3ec6f..., userDataDir: C:\Windows\TEMP\scoped_dir2...}, goog:chromeOptions: {debuggerAddress: localhost:62475}, javascriptEnabled: true, networkConnectionEnabled: false, pageLoadStrategy: normal, platform: XP, platformName: XP, proxy: Proxy(), setWindowRect: true, strictFileInteractability: false, timeouts: {implicit: 0, pageLoad: 300000, script: 30000}, unhandledPromptBehavior: dismiss and notify}
Session ID: 2453d32fbf12bf2a2b007ba57a1640c9
*** Element info: {Using=xpath, value=//*[@id=&quot;wrapper&quot;]/div[1]/nav/div[1]/a/img}
	at org.openqa.selenium.remote.http.W3CHttpResponseCodec.createException(W3CHttpResponseCodec.java:187)
	at org.openqa.selenium.remote.http.W3CHttpResponseCodec.decode(W3CHttpResponseCodec.java:122)
	at org.openqa.selenium.remote.http.W3CHttpResponseCodec.decode(W3CHttpResponseCodec.java:49)
	at org.openqa.selenium.remote.HttpCommandExecutor.execute(HttpCommandExecutor.java:158)
	at org.openqa.selenium.remote.service.DriverCommandExecutor.execute(DriverCommandExecutor.java:83)
	at org.openqa.selenium.remote.RemoteWebDriver.execute(RemoteWebDriver.java:548)
	at org.openqa.selenium.remote.RemoteWebDriver.findElement(RemoteWebDriver.java:322)
	at org.openqa.selenium.remote.RemoteWebDriver.findElementByXPath(RemoteWebDriver.java:424)
	at org.openqa.selenium.By$ByXPath.findElement(By.java:353)
	at org.openqa.selenium.remote.RemoteWebDriver.findElement(RemoteWebDriver.java:314)
	at resources.baseProperties.intializeDriver(baseProperties.java:79)
	at VW_TC.TC0002_login_With_Exmpirix_Admin.applicationLaunch(TC0002_login_With_Exmpirix_Admin.java:33)
... Removed 32 stack frames</div></td></tr></table><p class="totop"><a href="#summary">back to summary</a></p>
<h3 id="m4">VW_TC.TC0002_login_With_Exmpirix_Admin#logInWithExpirixAdmin</h3><table class="result"><tr><th>Exception</th></tr><tr><td><div class="stacktrace">org.openqa.selenium.NoSuchElementException: no such element: Unable to locate element: {&quot;method&quot;:&quot;xpath&quot;,&quot;selector&quot;:&quot;//*[@id=&quot;wrapper&quot;]/div[1]/nav/div[1]/a/img&quot;}
  (Session info: chrome=75.0.3770.100)
For documentation on this error, please visit: http://seleniumhq.org/exceptions/no_such_element.html
Build info: version: &apos;3.14.0&apos;, revision: &apos;aacccce0&apos;, time: &apos;2018-08-02T20:19:58.91Z&apos;
System info: host: &apos;REM-L-SINGHH&apos;, ip: &apos;10.12.60.25&apos;, os.name: &apos;Windows 10&apos;, os.arch: &apos;amd64&apos;, os.version: &apos;10.0&apos;, java.version: &apos;1.8.0_171&apos;
Driver info: org.openqa.selenium.chrome.ChromeDriver
Capabilities {acceptInsecureCerts: false, browserName: chrome, browserVersion: 75.0.3770.100, chrome: {chromedriverVersion: 75.0.3770.90 (a6dcaf7e3ec6f..., userDataDir: C:\Windows\TEMP\scoped_dir2...}, goog:chromeOptions: {debuggerAddress: localhost:62475}, javascriptEnabled: true, networkConnectionEnabled: false, pageLoadStrategy: normal, platform: XP, platformName: XP, proxy: Proxy(), setWindowRect: true, strictFileInteractability: false, timeouts: {implicit: 0, pageLoad: 300000, script: 30000}, unhandledPromptBehavior: dismiss and notify}
Session ID: 2453d32fbf12bf2a2b007ba57a1640c9
*** Element info: {Using=xpath, value=//*[@id=&quot;wrapper&quot;]/div[1]/nav/div[1]/a/img}
	at org.openqa.selenium.remote.http.W3CHttpResponseCodec.createException(W3CHttpResponseCodec.java:187)
	at org.openqa.selenium.remote.http.W3CHttpResponseCodec.decode(W3CHttpResponseCodec.java:122)
	at org.openqa.selenium.remote.http.W3CHttpResponseCodec.decode(W3CHttpResponseCodec.java:49)
	at org.openqa.selenium.remote.HttpCommandExecutor.execute(HttpCommandExecutor.java:158)
	at org.openqa.selenium.remote.service.DriverCommandExecutor.execute(DriverCommandExecutor.java:83)
	at org.openqa.selenium.remote.RemoteWebDriver.execute(RemoteWebDriver.java:548)
	at org.openqa.selenium.remote.RemoteWebDriver.findElement(RemoteWebDriver.java:322)
	at org.openqa.selenium.remote.RemoteWebDriver.findElementByXPath(RemoteWebDriver.java:424)
	at org.openqa.selenium.By$ByXPath.findElement(By.java:353)
	at org.openqa.selenium.remote.RemoteWebDriver.findElement(RemoteWebDriver.java:314)
	at resources.baseProperties.intializeDriver(baseProperties.java:79)
	at VW_TC.TC0002_login_With_Exmpirix_Admin.applicationLaunch(TC0002_login_With_Exmpirix_Admin.java:33)
... Removed 32 stack frames</div></td></tr></table><p class="totop"><a href="#summary">back to summary</a></p>
<h2>003:Test Case Login with &apos;Empirix Business Analyst&apos; Credetials&apos;and verify TabAvailablity</h2><h3 id="m5">VW_TC.TC0003_login_With_Empirix_Business_Analyst#TabValidation</h3><table class="result"><tr><th class="invisible"/></tr></table><p class="totop"><a href="#summary">back to summary</a></p>
<h3 id="m6">VW_TC.TC0003_login_With_Empirix_Business_Analyst#logInWithExpirixBusinessAnalyst</h3><table class="result"><tr><th class="invisible"/></tr></table><p class="totop"><a href="#summary">back to summary</a></p>
<h2>004: Test Case Login with &apos;Partner Customer Admin&apos; Credetials and verify TabAvailablity</h2><h3 id="m7">VW_TC.TC0004_login_With_Partner_Customer_Admin#TabValidation</h3><table class="result"><tr><th class="invisible"/></tr></table><p class="totop"><a href="#summary">back to summary</a></p>
<h3 id="m8">VW_TC.TC0004_login_With_Partner_Customer_Admin#logInWithPartnerCustomerAdmin</h3><table class="result"><tr><th class="invisible"/></tr></table><p class="totop"><a href="#summary">back to summary</a></p>
<h2>005: Test Case Login with &apos;Partner Developer&apos; Credetials and verify TabAvailablity</h2><h3 id="m9">VW_TC.TC0005_login_With_Partner_Developer#TabValidation</h3><table class="result"><tr><th class="invisible"/></tr></table><p class="totop"><a href="#summary">back to summary</a></p>
<h3 id="m10">VW_TC.TC0005_login_With_Partner_Developer#logInWithPartnerDevelopment</h3><table class="result"><tr><th class="invisible"/></tr></table><p class="totop"><a href="#summary">back to summary</a></p>
<h2>006: Test Case Login with &apos;Partner Enhanced User Credetials&apos;and verify TabAvailablity</h2><h3 id="m11">VW_TC.TC0006_login_With_Partner_Enhanced_User#applicationLaunch</h3><table class="result"><tr><th>Exception</th></tr><tr><td><div class="stacktrace">org.openqa.selenium.NoSuchElementException: no such element: Unable to locate element: {&quot;method&quot;:&quot;xpath&quot;,&quot;selector&quot;:&quot;//*[@id=&quot;wrapper&quot;]/div[1]/nav/div[1]/a/img&quot;}
  (Session info: chrome=75.0.3770.100)
For documentation on this error, please visit: http://seleniumhq.org/exceptions/no_such_element.html
Build info: version: &apos;3.14.0&apos;, revision: &apos;aacccce0&apos;, time: &apos;2018-08-02T20:19:58.91Z&apos;
System info: host: &apos;REM-L-SINGHH&apos;, ip: &apos;10.12.60.25&apos;, os.name: &apos;Windows 10&apos;, os.arch: &apos;amd64&apos;, os.version: &apos;10.0&apos;, java.version: &apos;1.8.0_171&apos;
Driver info: org.openqa.selenium.chrome.ChromeDriver
Capabilities {acceptInsecureCerts: false, browserName: chrome, browserVersion: 75.0.3770.100, chrome: {chromedriverVersion: 75.0.3770.90 (a6dcaf7e3ec6f..., userDataDir: C:\Windows\TEMP\scoped_dir1...}, goog:chromeOptions: {debuggerAddress: localhost:64850}, javascriptEnabled: true, networkConnectionEnabled: false, pageLoadStrategy: normal, platform: XP, platformName: XP, proxy: Proxy(), setWindowRect: true, strictFileInteractability: false, timeouts: {implicit: 0, pageLoad: 300000, script: 30000}, unhandledPromptBehavior: dismiss and notify}
Session ID: 5c0c835c45c13e791808c1d0a89a3c94
*** Element info: {Using=xpath, value=//*[@id=&quot;wrapper&quot;]/div[1]/nav/div[1]/a/img}
	at org.openqa.selenium.remote.http.W3CHttpResponseCodec.createException(W3CHttpResponseCodec.java:187)
	at org.openqa.selenium.remote.http.W3CHttpResponseCodec.decode(W3CHttpResponseCodec.java:122)
	at org.openqa.selenium.remote.http.W3CHttpResponseCodec.decode(W3CHttpResponseCodec.java:49)
	at org.openqa.selenium.remote.HttpCommandExecutor.execute(HttpCommandExecutor.java:158)
	at org.openqa.selenium.remote.service.DriverCommandExecutor.execute(DriverCommandExecutor.java:83)
	at org.openqa.selenium.remote.RemoteWebDriver.execute(RemoteWebDriver.java:548)
	at org.openqa.selenium.remote.RemoteWebDriver.findElement(RemoteWebDriver.java:322)
	at org.openqa.selenium.remote.RemoteWebDriver.findElementByXPath(RemoteWebDriver.java:424)
	at org.openqa.selenium.By$ByXPath.findElement(By.java:353)
	at org.openqa.selenium.remote.RemoteWebDriver.findElement(RemoteWebDriver.java:314)
	at resources.baseProperties.intializeDriver(baseProperties.java:79)
	at VW_TC.TC0006_login_With_Partner_Enhanced_User.applicationLaunch(TC0006_login_With_Partner_Enhanced_User.java:33)
... Removed 32 stack frames</div></td></tr></table><p class="totop"><a href="#summary">back to summary</a></p>
<h3 id="m12">VW_TC.TC0006_login_With_Partner_Enhanced_User#applicationClose</h3><table class="result"><tr><th class="invisible"/></tr></table><p class="totop"><a href="#summary">back to summary</a></p>
<h3 id="m13">VW_TC.TC0006_login_With_Partner_Enhanced_User#TabValidation</h3><table class="result"><tr><th>Exception</th></tr><tr><td><div class="stacktrace">org.openqa.selenium.NoSuchElementException: no such element: Unable to locate element: {&quot;method&quot;:&quot;xpath&quot;,&quot;selector&quot;:&quot;//*[@id=&quot;wrapper&quot;]/div[1]/nav/div[1]/a/img&quot;}
  (Session info: chrome=75.0.3770.100)
For documentation on this error, please visit: http://seleniumhq.org/exceptions/no_such_element.html
Build info: version: &apos;3.14.0&apos;, revision: &apos;aacccce0&apos;, time: &apos;2018-08-02T20:19:58.91Z&apos;
System info: host: &apos;REM-L-SINGHH&apos;, ip: &apos;10.12.60.25&apos;, os.name: &apos;Windows 10&apos;, os.arch: &apos;amd64&apos;, os.version: &apos;10.0&apos;, java.version: &apos;1.8.0_171&apos;
Driver info: org.openqa.selenium.chrome.ChromeDriver
Capabilities {acceptInsecureCerts: false, browserName: chrome, browserVersion: 75.0.3770.100, chrome: {chromedriverVersion: 75.0.3770.90 (a6dcaf7e3ec6f..., userDataDir: C:\Windows\TEMP\scoped_dir1...}, goog:chromeOptions: {debuggerAddress: localhost:64850}, javascriptEnabled: true, networkConnectionEnabled: false, pageLoadStrategy: normal, platform: XP, platformName: XP, proxy: Proxy(), setWindowRect: true, strictFileInteractability: false, timeouts: {implicit: 0, pageLoad: 300000, script: 30000}, unhandledPromptBehavior: dismiss and notify}
Session ID: 5c0c835c45c13e791808c1d0a89a3c94
*** Element info: {Using=xpath, value=//*[@id=&quot;wrapper&quot;]/div[1]/nav/div[1]/a/img}
	at org.openqa.selenium.remote.http.W3CHttpResponseCodec.createException(W3CHttpResponseCodec.java:187)
	at org.openqa.selenium.remote.http.W3CHttpResponseCodec.decode(W3CHttpResponseCodec.java:122)
	at org.openqa.selenium.remote.http.W3CHttpResponseCodec.decode(W3CHttpResponseCodec.java:49)
	at org.openqa.selenium.remote.HttpCommandExecutor.execute(HttpCommandExecutor.java:158)
	at org.openqa.selenium.remote.service.DriverCommandExecutor.execute(DriverCommandExecutor.java:83)
	at org.openqa.selenium.remote.RemoteWebDriver.execute(RemoteWebDriver.java:548)
	at org.openqa.selenium.remote.RemoteWebDriver.findElement(RemoteWebDriver.java:322)
	at org.openqa.selenium.remote.RemoteWebDriver.findElementByXPath(RemoteWebDriver.java:424)
	at org.openqa.selenium.By$ByXPath.findElement(By.java:353)
	at org.openqa.selenium.remote.RemoteWebDriver.findElement(RemoteWebDriver.java:314)
	at resources.baseProperties.intializeDriver(baseProperties.java:79)
	at VW_TC.TC0006_login_With_Partner_Enhanced_User.applicationLaunch(TC0006_login_With_Partner_Enhanced_User.java:33)
... Removed 32 stack frames</div></td></tr></table><p class="totop"><a href="#summary">back to summary</a></p>
<h3 id="m14">VW_TC.TC0006_login_With_Partner_Enhanced_User#logInWithPartnerEnhancedUser</h3><table class="result"><tr><th>Exception</th></tr><tr><td><div class="stacktrace">org.openqa.selenium.NoSuchElementException: no such element: Unable to locate element: {&quot;method&quot;:&quot;xpath&quot;,&quot;selector&quot;:&quot;//*[@id=&quot;wrapper&quot;]/div[1]/nav/div[1]/a/img&quot;}
  (Session info: chrome=75.0.3770.100)
For documentation on this error, please visit: http://seleniumhq.org/exceptions/no_such_element.html
Build info: version: &apos;3.14.0&apos;, revision: &apos;aacccce0&apos;, time: &apos;2018-08-02T20:19:58.91Z&apos;
System info: host: &apos;REM-L-SINGHH&apos;, ip: &apos;10.12.60.25&apos;, os.name: &apos;Windows 10&apos;, os.arch: &apos;amd64&apos;, os.version: &apos;10.0&apos;, java.version: &apos;1.8.0_171&apos;
Driver info: org.openqa.selenium.chrome.ChromeDriver
Capabilities {acceptInsecureCerts: false, browserName: chrome, browserVersion: 75.0.3770.100, chrome: {chromedriverVersion: 75.0.3770.90 (a6dcaf7e3ec6f..., userDataDir: C:\Windows\TEMP\scoped_dir1...}, goog:chromeOptions: {debuggerAddress: localhost:64850}, javascriptEnabled: true, networkConnectionEnabled: false, pageLoadStrategy: normal, platform: XP, platformName: XP, proxy: Proxy(), setWindowRect: true, strictFileInteractability: false, timeouts: {implicit: 0, pageLoad: 300000, script: 30000}, unhandledPromptBehavior: dismiss and notify}
Session ID: 5c0c835c45c13e791808c1d0a89a3c94
*** Element info: {Using=xpath, value=//*[@id=&quot;wrapper&quot;]/div[1]/nav/div[1]/a/img}
	at org.openqa.selenium.remote.http.W3CHttpResponseCodec.createException(W3CHttpResponseCodec.java:187)
	at org.openqa.selenium.remote.http.W3CHttpResponseCodec.decode(W3CHttpResponseCodec.java:122)
	at org.openqa.selenium.remote.http.W3CHttpResponseCodec.decode(W3CHttpResponseCodec.java:49)
	at org.openqa.selenium.remote.HttpCommandExecutor.execute(HttpCommandExecutor.java:158)
	at org.openqa.selenium.remote.service.DriverCommandExecutor.execute(DriverCommandExecutor.java:83)
	at org.openqa.selenium.remote.RemoteWebDriver.execute(RemoteWebDriver.java:548)
	at org.openqa.selenium.remote.RemoteWebDriver.findElement(RemoteWebDriver.java:322)
	at org.openqa.selenium.remote.RemoteWebDriver.findElementByXPath(RemoteWebDriver.java:424)
	at org.openqa.selenium.By$ByXPath.findElement(By.java:353)
	at org.openqa.selenium.remote.RemoteWebDriver.findElement(RemoteWebDriver.java:314)
	at resources.baseProperties.intializeDriver(baseProperties.java:79)
	at VW_TC.TC0006_login_With_Partner_Enhanced_User.applicationLaunch(TC0006_login_With_Partner_Enhanced_User.java:33)
... Removed 32 stack frames</div></td></tr></table><p class="totop"><a href="#summary">back to summary</a></p>
<h2>007: Test Case Login with &apos;Partner Use&apos; Credetials and verify TabAvailablity</h2><h3 id="m15">VW_TC.TC0007_login_With_Partner_User#TabValidation</h3><table class="result"><tr><th>Exception</th></tr><tr><td><div class="stacktrace">org.openqa.selenium.NoSuchElementException: no such element: Unable to locate element: {&quot;method&quot;:&quot;link text&quot;,&quot;selector&quot;:&quot;Dashboard&quot;}
  (Session info: chrome=75.0.3770.100)
For documentation on this error, please visit: http://seleniumhq.org/exceptions/no_such_element.html
Build info: version: &apos;3.14.0&apos;, revision: &apos;aacccce0&apos;, time: &apos;2018-08-02T20:19:58.91Z&apos;
System info: host: &apos;REM-L-SINGHH&apos;, ip: &apos;10.12.60.25&apos;, os.name: &apos;Windows 10&apos;, os.arch: &apos;amd64&apos;, os.version: &apos;10.0&apos;, java.version: &apos;1.8.0_171&apos;
Driver info: org.openqa.selenium.chrome.ChromeDriver
Capabilities {acceptInsecureCerts: false, browserName: chrome, browserVersion: 75.0.3770.100, chrome: {chromedriverVersion: 75.0.3770.90 (a6dcaf7e3ec6f..., userDataDir: C:\Windows\TEMP\scoped_dir2...}, goog:chromeOptions: {debuggerAddress: localhost:53992}, javascriptEnabled: true, networkConnectionEnabled: false, pageLoadStrategy: normal, platform: XP, platformName: XP, proxy: Proxy(), setWindowRect: true, strictFileInteractability: false, timeouts: {implicit: 0, pageLoad: 300000, script: 30000}, unhandledPromptBehavior: dismiss and notify}
Session ID: 38ab64ffcc4d84c9d8c04433a655f2c9
*** Element info: {Using=link text, value=Dashboard}
	at org.openqa.selenium.remote.http.W3CHttpResponseCodec.createException(W3CHttpResponseCodec.java:187)
	at org.openqa.selenium.remote.http.W3CHttpResponseCodec.decode(W3CHttpResponseCodec.java:122)
	at org.openqa.selenium.remote.http.W3CHttpResponseCodec.decode(W3CHttpResponseCodec.java:49)
	at org.openqa.selenium.remote.HttpCommandExecutor.execute(HttpCommandExecutor.java:158)
	at org.openqa.selenium.remote.service.DriverCommandExecutor.execute(DriverCommandExecutor.java:83)
	at org.openqa.selenium.remote.RemoteWebDriver.execute(RemoteWebDriver.java:548)
	at org.openqa.selenium.remote.RemoteWebDriver.findElement(RemoteWebDriver.java:322)
	at org.openqa.selenium.remote.RemoteWebDriver.findElementByLinkText(RemoteWebDriver.java:376)
	at org.openqa.selenium.By$ByLinkText.findElement(By.java:220)
	at org.openqa.selenium.remote.RemoteWebDriver.findElement(RemoteWebDriver.java:314)
	at PageActions.pom002_VoiceWatch_Home_Page.dashboard_screen(pom002_VoiceWatch_Home_Page.java:43)
	at VW_TC.TC0007_login_With_Partner_User.TabValidation(TC0007_login_With_Partner_User.java:57)
... Removed 33 stack frames</div></td></tr></table><p class="totop"><a href="#summary">back to summary</a></p>
<h3 id="m16">VW_TC.TC0007_login_With_Partner_User#logInWithPartnerUser</h3><table class="result"><tr><th>Exception</th></tr><tr><td><div class="stacktrace">java.lang.IndexOutOfBoundsException: Index: 1, Size: 0
	at java.util.ArrayList.rangeCheck(ArrayList.java:657)
	at java.util.ArrayList.get(ArrayList.java:433)
	at VW_TC.TC0007_login_With_Partner_User.logInWithPartnerUser(TC0007_login_With_Partner_User.java:43)
... Removed 29 stack frames</div></td></tr></table><p class="totop"><a href="#summary">back to summary</a></p>
<h2>008: Test Case &apos;Login with &apos;Client or Partner Client Customer Admin&apos;and verify TabAvailablity</h2><h3 id="m17">VW_TC.TC0008_login_With_Client_OR_Partner_Client_Custmer_Admin#applicationLaunch</h3><table class="result"><tr><th>Exception</th></tr><tr><td><div class="stacktrace">org.openqa.selenium.NoSuchElementException: no such element: Unable to locate element: {&quot;method&quot;:&quot;xpath&quot;,&quot;selector&quot;:&quot;//*[@id=&quot;wrapper&quot;]/div[1]/nav/div[1]/a/img&quot;}
  (Session info: chrome=75.0.3770.100)
For documentation on this error, please visit: http://seleniumhq.org/exceptions/no_such_element.html
Build info: version: &apos;3.14.0&apos;, revision: &apos;aacccce0&apos;, time: &apos;2018-08-02T20:19:58.91Z&apos;
System info: host: &apos;REM-L-SINGHH&apos;, ip: &apos;10.12.60.25&apos;, os.name: &apos;Windows 10&apos;, os.arch: &apos;amd64&apos;, os.version: &apos;10.0&apos;, java.version: &apos;1.8.0_171&apos;
Driver info: org.openqa.selenium.chrome.ChromeDriver
Capabilities {acceptInsecureCerts: false, browserName: chrome, browserVersion: 75.0.3770.100, chrome: {chromedriverVersion: 75.0.3770.90 (a6dcaf7e3ec6f..., userDataDir: C:\Windows\TEMP\scoped_dir2...}, goog:chromeOptions: {debuggerAddress: localhost:54226}, javascriptEnabled: true, networkConnectionEnabled: false, pageLoadStrategy: normal, platform: XP, platformName: XP, proxy: Proxy(), setWindowRect: true, strictFileInteractability: false, timeouts: {implicit: 0, pageLoad: 300000, script: 30000}, unhandledPromptBehavior: dismiss and notify}
Session ID: 55104f03c01f6df83a746d73108dfcef
*** Element info: {Using=xpath, value=//*[@id=&quot;wrapper&quot;]/div[1]/nav/div[1]/a/img}
	at org.openqa.selenium.remote.http.W3CHttpResponseCodec.createException(W3CHttpResponseCodec.java:187)
	at org.openqa.selenium.remote.http.W3CHttpResponseCodec.decode(W3CHttpResponseCodec.java:122)
	at org.openqa.selenium.remote.http.W3CHttpResponseCodec.decode(W3CHttpResponseCodec.java:49)
	at org.openqa.selenium.remote.HttpCommandExecutor.execute(HttpCommandExecutor.java:158)
	at org.openqa.selenium.remote.service.DriverCommandExecutor.execute(DriverCommandExecutor.java:83)
	at org.openqa.selenium.remote.RemoteWebDriver.execute(RemoteWebDriver.java:548)
	at org.openqa.selenium.remote.RemoteWebDriver.findElement(RemoteWebDriver.java:322)
	at org.openqa.selenium.remote.RemoteWebDriver.findElementByXPath(RemoteWebDriver.java:424)
	at org.openqa.selenium.By$ByXPath.findElement(By.java:353)
	at org.openqa.selenium.remote.RemoteWebDriver.findElement(RemoteWebDriver.java:314)
	at resources.baseProperties.intializeDriver(baseProperties.java:79)
	at VW_TC.TC0008_login_With_Client_OR_Partner_Client_Custmer_Admin.applicationLaunch(TC0008_login_With_Client_OR_Partner_Client_Custmer_Admin.java:32)
... Removed 32 stack frames</div></td></tr></table><p class="totop"><a href="#summary">back to summary</a></p>
<h3 id="m18">VW_TC.TC0008_login_With_Client_OR_Partner_Client_Custmer_Admin#applicationClose</h3><table class="result"><tr><th class="invisible"/></tr></table><p class="totop"><a href="#summary">back to summary</a></p>
<h3 id="m19">VW_TC.TC0008_login_With_Client_OR_Partner_Client_Custmer_Admin#TabValidation</h3><table class="result"><tr><th>Exception</th></tr><tr><td><div class="stacktrace">org.openqa.selenium.NoSuchElementException: no such element: Unable to locate element: {&quot;method&quot;:&quot;xpath&quot;,&quot;selector&quot;:&quot;//*[@id=&quot;wrapper&quot;]/div[1]/nav/div[1]/a/img&quot;}
  (Session info: chrome=75.0.3770.100)
For documentation on this error, please visit: http://seleniumhq.org/exceptions/no_such_element.html
Build info: version: &apos;3.14.0&apos;, revision: &apos;aacccce0&apos;, time: &apos;2018-08-02T20:19:58.91Z&apos;
System info: host: &apos;REM-L-SINGHH&apos;, ip: &apos;10.12.60.25&apos;, os.name: &apos;Windows 10&apos;, os.arch: &apos;amd64&apos;, os.version: &apos;10.0&apos;, java.version: &apos;1.8.0_171&apos;
Driver info: org.openqa.selenium.chrome.ChromeDriver
Capabilities {acceptInsecureCerts: false, browserName: chrome, browserVersion: 75.0.3770.100, chrome: {chromedriverVersion: 75.0.3770.90 (a6dcaf7e3ec6f..., userDataDir: C:\Windows\TEMP\scoped_dir2...}, goog:chromeOptions: {debuggerAddress: localhost:54226}, javascriptEnabled: true, networkConnectionEnabled: false, pageLoadStrategy: normal, platform: XP, platformName: XP, proxy: Proxy(), setWindowRect: true, strictFileInteractability: false, timeouts: {implicit: 0, pageLoad: 300000, script: 30000}, unhandledPromptBehavior: dismiss and notify}
Session ID: 55104f03c01f6df83a746d73108dfcef
*** Element info: {Using=xpath, value=//*[@id=&quot;wrapper&quot;]/div[1]/nav/div[1]/a/img}
	at org.openqa.selenium.remote.http.W3CHttpResponseCodec.createException(W3CHttpResponseCodec.java:187)
	at org.openqa.selenium.remote.http.W3CHttpResponseCodec.decode(W3CHttpResponseCodec.java:122)
	at org.openqa.selenium.remote.http.W3CHttpResponseCodec.decode(W3CHttpResponseCodec.java:49)
	at org.openqa.selenium.remote.HttpCommandExecutor.execute(HttpCommandExecutor.java:158)
	at org.openqa.selenium.remote.service.DriverCommandExecutor.execute(DriverCommandExecutor.java:83)
	at org.openqa.selenium.remote.RemoteWebDriver.execute(RemoteWebDriver.java:548)
	at org.openqa.selenium.remote.RemoteWebDriver.findElement(RemoteWebDriver.java:322)
	at org.openqa.selenium.remote.RemoteWebDriver.findElementByXPath(RemoteWebDriver.java:424)
	at org.openqa.selenium.By$ByXPath.findElement(By.java:353)
	at org.openqa.selenium.remote.RemoteWebDriver.findElement(RemoteWebDriver.java:314)
	at resources.baseProperties.intializeDriver(baseProperties.java:79)
	at VW_TC.TC0008_login_With_Client_OR_Partner_Client_Custmer_Admin.applicationLaunch(TC0008_login_With_Client_OR_Partner_Client_Custmer_Admin.java:32)
... Removed 32 stack frames</div></td></tr></table><p class="totop"><a href="#summary">back to summary</a></p>
<h3 id="m20">VW_TC.TC0008_login_With_Client_OR_Partner_Client_Custmer_Admin#logInWithPartnerClient_CustomerAdmin</h3><table class="result"><tr><th>Exception</th></tr><tr><td><div class="stacktrace">org.openqa.selenium.NoSuchElementException: no such element: Unable to locate element: {&quot;method&quot;:&quot;xpath&quot;,&quot;selector&quot;:&quot;//*[@id=&quot;wrapper&quot;]/div[1]/nav/div[1]/a/img&quot;}
  (Session info: chrome=75.0.3770.100)
For documentation on this error, please visit: http://seleniumhq.org/exceptions/no_such_element.html
Build info: version: &apos;3.14.0&apos;, revision: &apos;aacccce0&apos;, time: &apos;2018-08-02T20:19:58.91Z&apos;
System info: host: &apos;REM-L-SINGHH&apos;, ip: &apos;10.12.60.25&apos;, os.name: &apos;Windows 10&apos;, os.arch: &apos;amd64&apos;, os.version: &apos;10.0&apos;, java.version: &apos;1.8.0_171&apos;
Driver info: org.openqa.selenium.chrome.ChromeDriver
Capabilities {acceptInsecureCerts: false, browserName: chrome, browserVersion: 75.0.3770.100, chrome: {chromedriverVersion: 75.0.3770.90 (a6dcaf7e3ec6f..., userDataDir: C:\Windows\TEMP\scoped_dir2...}, goog:chromeOptions: {debuggerAddress: localhost:54226}, javascriptEnabled: true, networkConnectionEnabled: false, pageLoadStrategy: normal, platform: XP, platformName: XP, proxy: Proxy(), setWindowRect: true, strictFileInteractability: false, timeouts: {implicit: 0, pageLoad: 300000, script: 30000}, unhandledPromptBehavior: dismiss and notify}
Session ID: 55104f03c01f6df83a746d73108dfcef
*** Element info: {Using=xpath, value=//*[@id=&quot;wrapper&quot;]/div[1]/nav/div[1]/a/img}
	at org.openqa.selenium.remote.http.W3CHttpResponseCodec.createException(W3CHttpResponseCodec.java:187)
	at org.openqa.selenium.remote.http.W3CHttpResponseCodec.decode(W3CHttpResponseCodec.java:122)
	at org.openqa.selenium.remote.http.W3CHttpResponseCodec.decode(W3CHttpResponseCodec.java:49)
	at org.openqa.selenium.remote.HttpCommandExecutor.execute(HttpCommandExecutor.java:158)
	at org.openqa.selenium.remote.service.DriverCommandExecutor.execute(DriverCommandExecutor.java:83)
	at org.openqa.selenium.remote.RemoteWebDriver.execute(RemoteWebDriver.java:548)
	at org.openqa.selenium.remote.RemoteWebDriver.findElement(RemoteWebDriver.java:322)
	at org.openqa.selenium.remote.RemoteWebDriver.findElementByXPath(RemoteWebDriver.java:424)
	at org.openqa.selenium.By$ByXPath.findElement(By.java:353)
	at org.openqa.selenium.remote.RemoteWebDriver.findElement(RemoteWebDriver.java:314)
	at resources.baseProperties.intializeDriver(baseProperties.java:79)
	at VW_TC.TC0008_login_With_Client_OR_Partner_Client_Custmer_Admin.applicationLaunch(TC0008_login_With_Client_OR_Partner_Client_Custmer_Admin.java:32)
... Removed 32 stack frames</div></td></tr></table><p class="totop"><a href="#summary">back to summary</a></p>
<h2>009: Test Case &apos;Login with &apos;Client or Partner Client Developer&apos;and verify TabAvailablity</h2><h3 id="m21">VW_TC.TC0009_login_With_Client_OR_Partner_Client_Developer#TabValidation</h3><table class="result"><tr><th class="invisible"/></tr></table><p class="totop"><a href="#summary">back to summary</a></p>
<h3 id="m22">VW_TC.TC0009_login_With_Client_OR_Partner_Client_Developer#logInWithPartnerClient_Development</h3><table class="result"><tr><th class="invisible"/></tr></table><p class="totop"><a href="#summary">back to summary</a></p>
<h2>010: Test Case &apos;Login with &apos;Client or Partner Client Enhanced User&apos;and verify TabAvailablity</h2><h3 id="m23">VW_TC.TC0010_login_With_Client_OR_Partner_Client_Enhanced_User#TabValidation</h3><table class="result"><tr><th class="invisible"/></tr></table><p class="totop"><a href="#summary">back to summary</a></p>
<h3 id="m24">VW_TC.TC0010_login_With_Client_OR_Partner_Client_Enhanced_User#logInWithPartnerClient_EnhancedUser</h3><table class="result"><tr><th class="invisible"/></tr></table><p class="totop"><a href="#summary">back to summary</a></p>
<h2>011: Test Case &apos;Login with &apos;Client or Partner Client User&apos;and verify TabAvailablity</h2><h3 id="m25">VW_TC.TC0011_login_With_Client_OR_Partner_Client_User#TabValidation</h3><table class="result"><tr><th class="invisible"/></tr></table><p class="totop"><a href="#summary">back to summary</a></p>
<h3 id="m26">VW_TC.TC0011_login_With_Client_OR_Partner_Client_User#logInWithPartnerClient_User</h3><table class="result"><tr><th class="invisible"/></tr></table><p class="totop"><a href="#summary">back to summary</a></p>
</body>
</html>
