<!DOCTYPE html>

<html>
  <head>
  <meta charset='utf-8'>
  <title>TestNG reports</title>

    <link type="text/css" href="testng-reports.css" rel="stylesheet" />
    <script type="text/javascript" src="jquery-1.7.1.min.js"></script>
    <script type="text/javascript" src="testng-reports.js"></script>
    <script type="text/javascript" src="https://www.google.com/jsapi"></script>
    <script type='text/javascript'>
      google.load('visualization', '1', {packages:['table']});
      google.setOnLoadCallback(drawTable);
      var suiteTableInitFunctions = new Array();
      var suiteTableData = new Array();
    </script>
    <!--
      <script type="text/javascript" src="jquery-ui/js/jquery-ui-1.8.16.custom.min.js"></script>
     -->
  </head>

  <body>
    <div class="top-banner-root">
      <span class="top-banner-title-font">Test results</span>
      <br/>
      <span class="top-banner-font-1">1 suite, 2 failed tests</span>
    </div> <!-- top-banner-root -->
    <div class="navigator-root">
      <div class="navigator-suite-header">
        <span>All suites</span>
        <a href="#" class="collapse-all-link" title="Collapse/expand all the suites">
          <img class="collapse-all-icon" src="collapseall.gif">
          </img> <!-- collapse-all-icon -->
        </a> <!-- collapse-all-link -->
      </div> <!-- navigator-suite-header -->
      <div class="suite">
        <div class="rounded-window">
          <div class="suite-header light-rounded-window-top">
            <a href="#" class="navigator-link" panel-name="suite-Suite">
              <span class="suite-name border-failed">Suite</span>
            </a> <!-- navigator-link -->
          </div> <!-- suite-header light-rounded-window-top -->
          <div class="navigator-suite-content">
            <div class="suite-section-title">
              <span>Info</span>
            </div> <!-- suite-section-title -->
            <div class="suite-section-content">
              <ul>
                <li>
                  <a href="#" class="navigator-link " panel-name="test-xml-Suite">
                    <span>C:\Users\hsingh\.jenkins\${JENKIN_HOME}\ECP_VW\testng.xml</span>
                  </a> <!-- navigator-link  -->
                </li>
                <li>
                  <a href="#" class="navigator-link " panel-name="testlist-Suite">
                    <span class="test-stats">11 tests</span>
                  </a> <!-- navigator-link  -->
                </li>
                <li>
                  <a href="#" class="navigator-link " panel-name="group-Suite">
                    <span>0 groups</span>
                  </a> <!-- navigator-link  -->
                </li>
                <li>
                  <a href="#" class="navigator-link " panel-name="times-Suite">
                    <span>Times</span>
                  </a> <!-- navigator-link  -->
                </li>
                <li>
                  <a href="#" class="navigator-link " panel-name="reporter-Suite">
                    <span>Reporter output</span>
                  </a> <!-- navigator-link  -->
                </li>
                <li>
                  <a href="#" class="navigator-link " panel-name="ignored-methods-Suite">
                    <span>Ignored methods</span>
                  </a> <!-- navigator-link  -->
                </li>
                <li>
                  <a href="#" class="navigator-link " panel-name="chronological-Suite">
                    <span>Chronological view</span>
                  </a> <!-- navigator-link  -->
                </li>
              </ul>
            </div> <!-- suite-section-content -->
            <div class="result-section">
              <div class="suite-section-title">
                <span>Results</span>
              </div> <!-- suite-section-title -->
              <div class="suite-section-content">
                <ul>
                  <li>
                    <span class="method-stats">21 methods, 2 failed,  6 skipped,  13 passed</span>
                  </li>
                  <li>
                    <span class="method-list-title failed">Failed methods</span>
                    <span class="show-or-hide-methods failed">
                      <a href="#" panel-name="suite-Suite" class="hide-methods failed suite-Suite"> (hide)</a> <!-- hide-methods failed suite-Suite -->
                      <a href="#" panel-name="suite-Suite" class="show-methods failed suite-Suite"> (show)</a> <!-- show-methods failed suite-Suite -->
                    </span>
                    <div class="method-list-content failed suite-Suite">
                      <span>
                        <img width="3%" src="failed.png"/>
                        <a href="#" class="method navigator-link" panel-name="suite-Suite" title="VW_TC.TC0007_login_With_Partner_User" hash-for-method="TabValidation">TabValidation</a> <!-- method navigator-link -->
                      </span>
                      <br/>
                      <span>
                        <img width="3%" src="failed.png"/>
                        <a href="#" class="method navigator-link" panel-name="suite-Suite" title="VW_TC.TC0007_login_With_Partner_User" hash-for-method="logInWithPartnerUser">logInWithPartnerUser</a> <!-- method navigator-link -->
                      </span>
                      <br/>
                    </div> <!-- method-list-content failed suite-Suite -->
                  </li>
                  <li>
                    <span class="method-list-title skipped">Skipped methods</span>
                    <span class="show-or-hide-methods skipped">
                      <a href="#" panel-name="suite-Suite" class="hide-methods skipped suite-Suite"> (hide)</a> <!-- hide-methods skipped suite-Suite -->
                      <a href="#" panel-name="suite-Suite" class="show-methods skipped suite-Suite"> (show)</a> <!-- show-methods skipped suite-Suite -->
                    </span>
                    <div class="method-list-content skipped suite-Suite">
                      <span>
                        <img width="3%" src="skipped.png"/>
                        <a href="#" class="method navigator-link" panel-name="suite-Suite" title="VW_TC.TC0002_login_With_Exmpirix_Admin" hash-for-method="TabAvailabilityValidation">TabAvailabilityValidation</a> <!-- method navigator-link -->
                      </span>
                      <br/>
                      <span>
                        <img width="3%" src="skipped.png"/>
                        <a href="#" class="method navigator-link" panel-name="suite-Suite" title="VW_TC.TC0006_login_With_Partner_Enhanced_User" hash-for-method="TabValidation">TabValidation</a> <!-- method navigator-link -->
                      </span>
                      <br/>
                      <span>
                        <img width="3%" src="skipped.png"/>
                        <a href="#" class="method navigator-link" panel-name="suite-Suite" title="VW_TC.TC0008_login_With_Client_OR_Partner_Client_Custmer_Admin" hash-for-method="TabValidation">TabValidation</a> <!-- method navigator-link -->
                      </span>
                      <br/>
                      <span>
                        <img width="3%" src="skipped.png"/>
                        <a href="#" class="method navigator-link" panel-name="suite-Suite" title="VW_TC.TC0002_login_With_Exmpirix_Admin" hash-for-method="logInWithExpirixAdmin">logInWithExpirixAdmin</a> <!-- method navigator-link -->
                      </span>
                      <br/>
                      <span>
                        <img width="3%" src="skipped.png"/>
                        <a href="#" class="method navigator-link" panel-name="suite-Suite" title="VW_TC.TC0008_login_With_Client_OR_Partner_Client_Custmer_Admin" hash-for-method="logInWithPartnerClient_CustomerAdmin">logInWithPartnerClient_CustomerAdmin</a> <!-- method navigator-link -->
                      </span>
                      <br/>
                      <span>
                        <img width="3%" src="skipped.png"/>
                        <a href="#" class="method navigator-link" panel-name="suite-Suite" title="VW_TC.TC0006_login_With_Partner_Enhanced_User" hash-for-method="logInWithPartnerEnhancedUser">logInWithPartnerEnhancedUser</a> <!-- method navigator-link -->
                      </span>
                      <br/>
                    </div> <!-- method-list-content skipped suite-Suite -->
                  </li>
                  <li>
                    <span class="method-list-title passed">Passed methods</span>
                    <span class="show-or-hide-methods passed">
                      <a href="#" panel-name="suite-Suite" class="hide-methods passed suite-Suite"> (hide)</a> <!-- hide-methods passed suite-Suite -->
                      <a href="#" panel-name="suite-Suite" class="show-methods passed suite-Suite"> (show)</a> <!-- show-methods passed suite-Suite -->
                    </span>
                    <div class="method-list-content passed suite-Suite">
                      <span>
                        <img width="3%" src="passed.png"/>
                        <a href="#" class="method navigator-link" panel-name="suite-Suite" title="VW_TC.TC0003_login_With_Empirix_Business_Analyst" hash-for-method="TabValidation">TabValidation</a> <!-- method navigator-link -->
                      </span>
                      <br/>
                      <span>
                        <img width="3%" src="passed.png"/>
                        <a href="#" class="method navigator-link" panel-name="suite-Suite" title="VW_TC.TC0004_login_With_Partner_Customer_Admin" hash-for-method="TabValidation">TabValidation</a> <!-- method navigator-link -->
                      </span>
                      <br/>
                      <span>
                        <img width="3%" src="passed.png"/>
                        <a href="#" class="method navigator-link" panel-name="suite-Suite" title="VW_TC.TC0005_login_With_Partner_Developer" hash-for-method="TabValidation">TabValidation</a> <!-- method navigator-link -->
                      </span>
                      <br/>
                      <span>
                        <img width="3%" src="passed.png"/>
                        <a href="#" class="method navigator-link" panel-name="suite-Suite" title="VW_TC.TC0009_login_With_Client_OR_Partner_Client_Developer" hash-for-method="TabValidation">TabValidation</a> <!-- method navigator-link -->
                      </span>
                      <br/>
                      <span>
                        <img width="3%" src="passed.png"/>
                        <a href="#" class="method navigator-link" panel-name="suite-Suite" title="VW_TC.TC0010_login_With_Client_OR_Partner_Client_Enhanced_User" hash-for-method="TabValidation">TabValidation</a> <!-- method navigator-link -->
                      </span>
                      <br/>
                      <span>
                        <img width="3%" src="passed.png"/>
                        <a href="#" class="method navigator-link" panel-name="suite-Suite" title="VW_TC.TC0011_login_With_Client_OR_Partner_Client_User" hash-for-method="TabValidation">TabValidation</a> <!-- method navigator-link -->
                      </span>
                      <br/>
                      <span>
                        <img width="3%" src="passed.png"/>
                        <a href="#" class="method navigator-link" panel-name="suite-Suite" title="VW_TC.TC0001_login_Page_Verification" hash-for-method="logInScreenVerification">logInScreenVerification</a> <!-- method navigator-link -->
                      </span>
                      <br/>
                      <span>
                        <img width="3%" src="passed.png"/>
                        <a href="#" class="method navigator-link" panel-name="suite-Suite" title="VW_TC.TC0003_login_With_Empirix_Business_Analyst" hash-for-method="logInWithExpirixBusinessAnalyst">logInWithExpirixBusinessAnalyst</a> <!-- method navigator-link -->
                      </span>
                      <br/>
                      <span>
                        <img width="3%" src="passed.png"/>
                        <a href="#" class="method navigator-link" panel-name="suite-Suite" title="VW_TC.TC0009_login_With_Client_OR_Partner_Client_Developer" hash-for-method="logInWithPartnerClient_Development">logInWithPartnerClient_Development</a> <!-- method navigator-link -->
                      </span>
                      <br/>
                      <span>
                        <img width="3%" src="passed.png"/>
                        <a href="#" class="method navigator-link" panel-name="suite-Suite" title="VW_TC.TC0010_login_With_Client_OR_Partner_Client_Enhanced_User" hash-for-method="logInWithPartnerClient_EnhancedUser">logInWithPartnerClient_EnhancedUser</a> <!-- method navigator-link -->
                      </span>
                      <br/>
                      <span>
                        <img width="3%" src="passed.png"/>
                        <a href="#" class="method navigator-link" panel-name="suite-Suite" title="VW_TC.TC0011_login_With_Client_OR_Partner_Client_User" hash-for-method="logInWithPartnerClient_User">logInWithPartnerClient_User</a> <!-- method navigator-link -->
                      </span>
                      <br/>
                      <span>
                        <img width="3%" src="passed.png"/>
                        <a href="#" class="method navigator-link" panel-name="suite-Suite" title="VW_TC.TC0004_login_With_Partner_Customer_Admin" hash-for-method="logInWithPartnerCustomerAdmin">logInWithPartnerCustomerAdmin</a> <!-- method navigator-link -->
                      </span>
                      <br/>
                      <span>
                        <img width="3%" src="passed.png"/>
                        <a href="#" class="method navigator-link" panel-name="suite-Suite" title="VW_TC.TC0005_login_With_Partner_Developer" hash-for-method="logInWithPartnerDevelopment">logInWithPartnerDevelopment</a> <!-- method navigator-link -->
                      </span>
                      <br/>
                    </div> <!-- method-list-content passed suite-Suite -->
                  </li>
                </ul>
              </div> <!-- suite-section-content -->
            </div> <!-- result-section -->
          </div> <!-- navigator-suite-content -->
        </div> <!-- rounded-window -->
      </div> <!-- suite -->
    </div> <!-- navigator-root -->
    <div class="wrapper">
      <div class="main-panel-root">
        <div panel-name="suite-Suite" class="panel Suite">
          <div class="suite-Suite-class-failed">
            <div class="main-panel-header rounded-window-top">
              <img src="failed.png"/>
              <span class="class-name">VW_TC.TC0007_login_With_Partner_User</span>
            </div> <!-- main-panel-header rounded-window-top -->
            <div class="main-panel-content rounded-window-bottom">
              <div class="method">
                <div class="method-content">
                  <a name="TabValidation">
                  </a> <!-- TabValidation -->
                  <span class="method-name">TabValidation</span>
                  <div class="stack-trace">org.openqa.selenium.NoSuchElementException: no such element: Unable to locate element: {&quot;method&quot;:&quot;link text&quot;,&quot;selector&quot;:&quot;Dashboard&quot;}
  (Session info: chrome=75.0.3770.100)
For documentation on this error, please visit: http://seleniumhq.org/exceptions/no_such_element.html
Build info: version: &apos;3.14.0&apos;, revision: &apos;aacccce0&apos;, time: &apos;2018-08-02T20:19:58.91Z&apos;
System info: host: &apos;REM-L-SINGHH&apos;, ip: &apos;10.12.60.25&apos;, os.name: &apos;Windows 10&apos;, os.arch: &apos;amd64&apos;, os.version: &apos;10.0&apos;, java.version: &apos;1.8.0_171&apos;
Driver info: org.openqa.selenium.chrome.ChromeDriver
Capabilities {acceptInsecureCerts: false, browserName: chrome, browserVersion: 75.0.3770.100, chrome: {chromedriverVersion: 75.0.3770.90 (a6dcaf7e3ec6f..., userDataDir: C:\Windows\TEMP\scoped_dir2...}, goog:chromeOptions: {debuggerAddress: localhost:53992}, javascriptEnabled: true, networkConnectionEnabled: false, pageLoadStrategy: normal, platform: XP, platformName: XP, proxy: Proxy(), setWindowRect: true, strictFileInteractability: false, timeouts: {implicit: 0, pageLoad: 300000, script: 30000}, unhandledPromptBehavior: dismiss and notify}
Session ID: 38ab64ffcc4d84c9d8c04433a655f2c9
*** Element info: {Using=link text, value=Dashboard}
	at org.openqa.selenium.remote.http.W3CHttpResponseCodec.createException(W3CHttpResponseCodec.java:187)
	at org.openqa.selenium.remote.http.W3CHttpResponseCodec.decode(W3CHttpResponseCodec.java:122)
	at org.openqa.selenium.remote.http.W3CHttpResponseCodec.decode(W3CHttpResponseCodec.java:49)
	at org.openqa.selenium.remote.HttpCommandExecutor.execute(HttpCommandExecutor.java:158)
	at org.openqa.selenium.remote.service.DriverCommandExecutor.execute(DriverCommandExecutor.java:83)
	at org.openqa.selenium.remote.RemoteWebDriver.execute(RemoteWebDriver.java:548)
	at org.openqa.selenium.remote.RemoteWebDriver.findElement(RemoteWebDriver.java:322)
	at org.openqa.selenium.remote.RemoteWebDriver.findElementByLinkText(RemoteWebDriver.java:376)
	at org.openqa.selenium.By$ByLinkText.findElement(By.java:220)
	at org.openqa.selenium.remote.RemoteWebDriver.findElement(RemoteWebDriver.java:314)
	at PageActions.pom002_VoiceWatch_Home_Page.dashboard_screen(pom002_VoiceWatch_Home_Page.java:43)
	at VW_TC.TC0007_login_With_Partner_User.TabValidation(TC0007_login_With_Partner_User.java:57)
... Removed 33 stack frames
</div> <!-- stack-trace -->
                </div> <!-- method-content -->
              </div> <!-- method -->
              <div class="method">
                <div class="method-content">
                  <a name="logInWithPartnerUser">
                  </a> <!-- logInWithPartnerUser -->
                  <span class="method-name">logInWithPartnerUser</span>
                  <div class="stack-trace">java.lang.IndexOutOfBoundsException: Index: 1, Size: 0
	at java.util.ArrayList.rangeCheck(ArrayList.java:657)
	at java.util.ArrayList.get(ArrayList.java:433)
	at VW_TC.TC0007_login_With_Partner_User.logInWithPartnerUser(TC0007_login_With_Partner_User.java:43)
... Removed 29 stack frames
</div> <!-- stack-trace -->
                </div> <!-- method-content -->
              </div> <!-- method -->
            </div> <!-- main-panel-content rounded-window-bottom -->
          </div> <!-- suite-Suite-class-failed -->
          <div class="suite-Suite-class-skipped">
            <div class="main-panel-header rounded-window-top">
              <img src="skipped.png"/>
              <span class="class-name">VW_TC.TC0006_login_With_Partner_Enhanced_User</span>
            </div> <!-- main-panel-header rounded-window-top -->
            <div class="main-panel-content rounded-window-bottom">
              <div class="method">
                <div class="method-content">
                  <a name="TabValidation">
                  </a> <!-- TabValidation -->
                  <span class="method-name">TabValidation</span>
                  <div class="stack-trace">org.openqa.selenium.NoSuchElementException: no such element: Unable to locate element: {&quot;method&quot;:&quot;xpath&quot;,&quot;selector&quot;:&quot;//*[@id=&quot;wrapper&quot;]/div[1]/nav/div[1]/a/img&quot;}
  (Session info: chrome=75.0.3770.100)
For documentation on this error, please visit: http://seleniumhq.org/exceptions/no_such_element.html
Build info: version: &apos;3.14.0&apos;, revision: &apos;aacccce0&apos;, time: &apos;2018-08-02T20:19:58.91Z&apos;
System info: host: &apos;REM-L-SINGHH&apos;, ip: &apos;10.12.60.25&apos;, os.name: &apos;Windows 10&apos;, os.arch: &apos;amd64&apos;, os.version: &apos;10.0&apos;, java.version: &apos;1.8.0_171&apos;
Driver info: org.openqa.selenium.chrome.ChromeDriver
Capabilities {acceptInsecureCerts: false, browserName: chrome, browserVersion: 75.0.3770.100, chrome: {chromedriverVersion: 75.0.3770.90 (a6dcaf7e3ec6f..., userDataDir: C:\Windows\TEMP\scoped_dir1...}, goog:chromeOptions: {debuggerAddress: localhost:64850}, javascriptEnabled: true, networkConnectionEnabled: false, pageLoadStrategy: normal, platform: XP, platformName: XP, proxy: Proxy(), setWindowRect: true, strictFileInteractability: false, timeouts: {implicit: 0, pageLoad: 300000, script: 30000}, unhandledPromptBehavior: dismiss and notify}
Session ID: 5c0c835c45c13e791808c1d0a89a3c94
*** Element info: {Using=xpath, value=//*[@id=&quot;wrapper&quot;]/div[1]/nav/div[1]/a/img}
	at org.openqa.selenium.remote.http.W3CHttpResponseCodec.createException(W3CHttpResponseCodec.java:187)
	at org.openqa.selenium.remote.http.W3CHttpResponseCodec.decode(W3CHttpResponseCodec.java:122)
	at org.openqa.selenium.remote.http.W3CHttpResponseCodec.decode(W3CHttpResponseCodec.java:49)
	at org.openqa.selenium.remote.HttpCommandExecutor.execute(HttpCommandExecutor.java:158)
	at org.openqa.selenium.remote.service.DriverCommandExecutor.execute(DriverCommandExecutor.java:83)
	at org.openqa.selenium.remote.RemoteWebDriver.execute(RemoteWebDriver.java:548)
	at org.openqa.selenium.remote.RemoteWebDriver.findElement(RemoteWebDriver.java:322)
	at org.openqa.selenium.remote.RemoteWebDriver.findElementByXPath(RemoteWebDriver.java:424)
	at org.openqa.selenium.By$ByXPath.findElement(By.java:353)
	at org.openqa.selenium.remote.RemoteWebDriver.findElement(RemoteWebDriver.java:314)
	at resources.baseProperties.intializeDriver(baseProperties.java:79)
	at VW_TC.TC0006_login_With_Partner_Enhanced_User.applicationLaunch(TC0006_login_With_Partner_Enhanced_User.java:33)
... Removed 32 stack frames
</div> <!-- stack-trace -->
                </div> <!-- method-content -->
              </div> <!-- method -->
              <div class="method">
                <div class="method-content">
                  <a name="logInWithPartnerEnhancedUser">
                  </a> <!-- logInWithPartnerEnhancedUser -->
                  <span class="method-name">logInWithPartnerEnhancedUser</span>
                  <div class="stack-trace">org.openqa.selenium.NoSuchElementException: no such element: Unable to locate element: {&quot;method&quot;:&quot;xpath&quot;,&quot;selector&quot;:&quot;//*[@id=&quot;wrapper&quot;]/div[1]/nav/div[1]/a/img&quot;}
  (Session info: chrome=75.0.3770.100)
For documentation on this error, please visit: http://seleniumhq.org/exceptions/no_such_element.html
Build info: version: &apos;3.14.0&apos;, revision: &apos;aacccce0&apos;, time: &apos;2018-08-02T20:19:58.91Z&apos;
System info: host: &apos;REM-L-SINGHH&apos;, ip: &apos;10.12.60.25&apos;, os.name: &apos;Windows 10&apos;, os.arch: &apos;amd64&apos;, os.version: &apos;10.0&apos;, java.version: &apos;1.8.0_171&apos;
Driver info: org.openqa.selenium.chrome.ChromeDriver
Capabilities {acceptInsecureCerts: false, browserName: chrome, browserVersion: 75.0.3770.100, chrome: {chromedriverVersion: 75.0.3770.90 (a6dcaf7e3ec6f..., userDataDir: C:\Windows\TEMP\scoped_dir1...}, goog:chromeOptions: {debuggerAddress: localhost:64850}, javascriptEnabled: true, networkConnectionEnabled: false, pageLoadStrategy: normal, platform: XP, platformName: XP, proxy: Proxy(), setWindowRect: true, strictFileInteractability: false, timeouts: {implicit: 0, pageLoad: 300000, script: 30000}, unhandledPromptBehavior: dismiss and notify}
Session ID: 5c0c835c45c13e791808c1d0a89a3c94
*** Element info: {Using=xpath, value=//*[@id=&quot;wrapper&quot;]/div[1]/nav/div[1]/a/img}
	at org.openqa.selenium.remote.http.W3CHttpResponseCodec.createException(W3CHttpResponseCodec.java:187)
	at org.openqa.selenium.remote.http.W3CHttpResponseCodec.decode(W3CHttpResponseCodec.java:122)
	at org.openqa.selenium.remote.http.W3CHttpResponseCodec.decode(W3CHttpResponseCodec.java:49)
	at org.openqa.selenium.remote.HttpCommandExecutor.execute(HttpCommandExecutor.java:158)
	at org.openqa.selenium.remote.service.DriverCommandExecutor.execute(DriverCommandExecutor.java:83)
	at org.openqa.selenium.remote.RemoteWebDriver.execute(RemoteWebDriver.java:548)
	at org.openqa.selenium.remote.RemoteWebDriver.findElement(RemoteWebDriver.java:322)
	at org.openqa.selenium.remote.RemoteWebDriver.findElementByXPath(RemoteWebDriver.java:424)
	at org.openqa.selenium.By$ByXPath.findElement(By.java:353)
	at org.openqa.selenium.remote.RemoteWebDriver.findElement(RemoteWebDriver.java:314)
	at resources.baseProperties.intializeDriver(baseProperties.java:79)
	at VW_TC.TC0006_login_With_Partner_Enhanced_User.applicationLaunch(TC0006_login_With_Partner_Enhanced_User.java:33)
... Removed 32 stack frames
</div> <!-- stack-trace -->
                </div> <!-- method-content -->
              </div> <!-- method -->
            </div> <!-- main-panel-content rounded-window-bottom -->
          </div> <!-- suite-Suite-class-skipped -->
          <div class="suite-Suite-class-skipped">
            <div class="main-panel-header rounded-window-top">
              <img src="skipped.png"/>
              <span class="class-name">VW_TC.TC0002_login_With_Exmpirix_Admin</span>
            </div> <!-- main-panel-header rounded-window-top -->
            <div class="main-panel-content rounded-window-bottom">
              <div class="method">
                <div class="method-content">
                  <a name="TabAvailabilityValidation">
                  </a> <!-- TabAvailabilityValidation -->
                  <span class="method-name">TabAvailabilityValidation</span>
                  <div class="stack-trace">org.openqa.selenium.NoSuchElementException: no such element: Unable to locate element: {&quot;method&quot;:&quot;xpath&quot;,&quot;selector&quot;:&quot;//*[@id=&quot;wrapper&quot;]/div[1]/nav/div[1]/a/img&quot;}
  (Session info: chrome=75.0.3770.100)
For documentation on this error, please visit: http://seleniumhq.org/exceptions/no_such_element.html
Build info: version: &apos;3.14.0&apos;, revision: &apos;aacccce0&apos;, time: &apos;2018-08-02T20:19:58.91Z&apos;
System info: host: &apos;REM-L-SINGHH&apos;, ip: &apos;10.12.60.25&apos;, os.name: &apos;Windows 10&apos;, os.arch: &apos;amd64&apos;, os.version: &apos;10.0&apos;, java.version: &apos;1.8.0_171&apos;
Driver info: org.openqa.selenium.chrome.ChromeDriver
Capabilities {acceptInsecureCerts: false, browserName: chrome, browserVersion: 75.0.3770.100, chrome: {chromedriverVersion: 75.0.3770.90 (a6dcaf7e3ec6f..., userDataDir: C:\Windows\TEMP\scoped_dir2...}, goog:chromeOptions: {debuggerAddress: localhost:62475}, javascriptEnabled: true, networkConnectionEnabled: false, pageLoadStrategy: normal, platform: XP, platformName: XP, proxy: Proxy(), setWindowRect: true, strictFileInteractability: false, timeouts: {implicit: 0, pageLoad: 300000, script: 30000}, unhandledPromptBehavior: dismiss and notify}
Session ID: 2453d32fbf12bf2a2b007ba57a1640c9
*** Element info: {Using=xpath, value=//*[@id=&quot;wrapper&quot;]/div[1]/nav/div[1]/a/img}
	at org.openqa.selenium.remote.http.W3CHttpResponseCodec.createException(W3CHttpResponseCodec.java:187)
	at org.openqa.selenium.remote.http.W3CHttpResponseCodec.decode(W3CHttpResponseCodec.java:122)
	at org.openqa.selenium.remote.http.W3CHttpResponseCodec.decode(W3CHttpResponseCodec.java:49)
	at org.openqa.selenium.remote.HttpCommandExecutor.execute(HttpCommandExecutor.java:158)
	at org.openqa.selenium.remote.service.DriverCommandExecutor.execute(DriverCommandExecutor.java:83)
	at org.openqa.selenium.remote.RemoteWebDriver.execute(RemoteWebDriver.java:548)
	at org.openqa.selenium.remote.RemoteWebDriver.findElement(RemoteWebDriver.java:322)
	at org.openqa.selenium.remote.RemoteWebDriver.findElementByXPath(RemoteWebDriver.java:424)
	at org.openqa.selenium.By$ByXPath.findElement(By.java:353)
	at org.openqa.selenium.remote.RemoteWebDriver.findElement(RemoteWebDriver.java:314)
	at resources.baseProperties.intializeDriver(baseProperties.java:79)
	at VW_TC.TC0002_login_With_Exmpirix_Admin.applicationLaunch(TC0002_login_With_Exmpirix_Admin.java:33)
... Removed 32 stack frames
</div> <!-- stack-trace -->
                </div> <!-- method-content -->
              </div> <!-- method -->
              <div class="method">
                <div class="method-content">
                  <a name="logInWithExpirixAdmin">
                  </a> <!-- logInWithExpirixAdmin -->
                  <span class="method-name">logInWithExpirixAdmin</span>
                  <div class="stack-trace">org.openqa.selenium.NoSuchElementException: no such element: Unable to locate element: {&quot;method&quot;:&quot;xpath&quot;,&quot;selector&quot;:&quot;//*[@id=&quot;wrapper&quot;]/div[1]/nav/div[1]/a/img&quot;}
  (Session info: chrome=75.0.3770.100)
For documentation on this error, please visit: http://seleniumhq.org/exceptions/no_such_element.html
Build info: version: &apos;3.14.0&apos;, revision: &apos;aacccce0&apos;, time: &apos;2018-08-02T20:19:58.91Z&apos;
System info: host: &apos;REM-L-SINGHH&apos;, ip: &apos;10.12.60.25&apos;, os.name: &apos;Windows 10&apos;, os.arch: &apos;amd64&apos;, os.version: &apos;10.0&apos;, java.version: &apos;1.8.0_171&apos;
Driver info: org.openqa.selenium.chrome.ChromeDriver
Capabilities {acceptInsecureCerts: false, browserName: chrome, browserVersion: 75.0.3770.100, chrome: {chromedriverVersion: 75.0.3770.90 (a6dcaf7e3ec6f..., userDataDir: C:\Windows\TEMP\scoped_dir2...}, goog:chromeOptions: {debuggerAddress: localhost:62475}, javascriptEnabled: true, networkConnectionEnabled: false, pageLoadStrategy: normal, platform: XP, platformName: XP, proxy: Proxy(), setWindowRect: true, strictFileInteractability: false, timeouts: {implicit: 0, pageLoad: 300000, script: 30000}, unhandledPromptBehavior: dismiss and notify}
Session ID: 2453d32fbf12bf2a2b007ba57a1640c9
*** Element info: {Using=xpath, value=//*[@id=&quot;wrapper&quot;]/div[1]/nav/div[1]/a/img}
	at org.openqa.selenium.remote.http.W3CHttpResponseCodec.createException(W3CHttpResponseCodec.java:187)
	at org.openqa.selenium.remote.http.W3CHttpResponseCodec.decode(W3CHttpResponseCodec.java:122)
	at org.openqa.selenium.remote.http.W3CHttpResponseCodec.decode(W3CHttpResponseCodec.java:49)
	at org.openqa.selenium.remote.HttpCommandExecutor.execute(HttpCommandExecutor.java:158)
	at org.openqa.selenium.remote.service.DriverCommandExecutor.execute(DriverCommandExecutor.java:83)
	at org.openqa.selenium.remote.RemoteWebDriver.execute(RemoteWebDriver.java:548)
	at org.openqa.selenium.remote.RemoteWebDriver.findElement(RemoteWebDriver.java:322)
	at org.openqa.selenium.remote.RemoteWebDriver.findElementByXPath(RemoteWebDriver.java:424)
	at org.openqa.selenium.By$ByXPath.findElement(By.java:353)
	at org.openqa.selenium.remote.RemoteWebDriver.findElement(RemoteWebDriver.java:314)
	at resources.baseProperties.intializeDriver(baseProperties.java:79)
	at VW_TC.TC0002_login_With_Exmpirix_Admin.applicationLaunch(TC0002_login_With_Exmpirix_Admin.java:33)
... Removed 32 stack frames
</div> <!-- stack-trace -->
                </div> <!-- method-content -->
              </div> <!-- method -->
            </div> <!-- main-panel-content rounded-window-bottom -->
          </div> <!-- suite-Suite-class-skipped -->
          <div class="suite-Suite-class-skipped">
            <div class="main-panel-header rounded-window-top">
              <img src="skipped.png"/>
              <span class="class-name">VW_TC.TC0008_login_With_Client_OR_Partner_Client_Custmer_Admin</span>
            </div> <!-- main-panel-header rounded-window-top -->
            <div class="main-panel-content rounded-window-bottom">
              <div class="method">
                <div class="method-content">
                  <a name="TabValidation">
                  </a> <!-- TabValidation -->
                  <span class="method-name">TabValidation</span>
                  <div class="stack-trace">org.openqa.selenium.NoSuchElementException: no such element: Unable to locate element: {&quot;method&quot;:&quot;xpath&quot;,&quot;selector&quot;:&quot;//*[@id=&quot;wrapper&quot;]/div[1]/nav/div[1]/a/img&quot;}
  (Session info: chrome=75.0.3770.100)
For documentation on this error, please visit: http://seleniumhq.org/exceptions/no_such_element.html
Build info: version: &apos;3.14.0&apos;, revision: &apos;aacccce0&apos;, time: &apos;2018-08-02T20:19:58.91Z&apos;
System info: host: &apos;REM-L-SINGHH&apos;, ip: &apos;10.12.60.25&apos;, os.name: &apos;Windows 10&apos;, os.arch: &apos;amd64&apos;, os.version: &apos;10.0&apos;, java.version: &apos;1.8.0_171&apos;
Driver info: org.openqa.selenium.chrome.ChromeDriver
Capabilities {acceptInsecureCerts: false, browserName: chrome, browserVersion: 75.0.3770.100, chrome: {chromedriverVersion: 75.0.3770.90 (a6dcaf7e3ec6f..., userDataDir: C:\Windows\TEMP\scoped_dir2...}, goog:chromeOptions: {debuggerAddress: localhost:54226}, javascriptEnabled: true, networkConnectionEnabled: false, pageLoadStrategy: normal, platform: XP, platformName: XP, proxy: Proxy(), setWindowRect: true, strictFileInteractability: false, timeouts: {implicit: 0, pageLoad: 300000, script: 30000}, unhandledPromptBehavior: dismiss and notify}
Session ID: 55104f03c01f6df83a746d73108dfcef
*** Element info: {Using=xpath, value=//*[@id=&quot;wrapper&quot;]/div[1]/nav/div[1]/a/img}
	at org.openqa.selenium.remote.http.W3CHttpResponseCodec.createException(W3CHttpResponseCodec.java:187)
	at org.openqa.selenium.remote.http.W3CHttpResponseCodec.decode(W3CHttpResponseCodec.java:122)
	at org.openqa.selenium.remote.http.W3CHttpResponseCodec.decode(W3CHttpResponseCodec.java:49)
	at org.openqa.selenium.remote.HttpCommandExecutor.execute(HttpCommandExecutor.java:158)
	at org.openqa.selenium.remote.service.DriverCommandExecutor.execute(DriverCommandExecutor.java:83)
	at org.openqa.selenium.remote.RemoteWebDriver.execute(RemoteWebDriver.java:548)
	at org.openqa.selenium.remote.RemoteWebDriver.findElement(RemoteWebDriver.java:322)
	at org.openqa.selenium.remote.RemoteWebDriver.findElementByXPath(RemoteWebDriver.java:424)
	at org.openqa.selenium.By$ByXPath.findElement(By.java:353)
	at org.openqa.selenium.remote.RemoteWebDriver.findElement(RemoteWebDriver.java:314)
	at resources.baseProperties.intializeDriver(baseProperties.java:79)
	at VW_TC.TC0008_login_With_Client_OR_Partner_Client_Custmer_Admin.applicationLaunch(TC0008_login_With_Client_OR_Partner_Client_Custmer_Admin.java:32)
... Removed 32 stack frames
</div> <!-- stack-trace -->
                </div> <!-- method-content -->
              </div> <!-- method -->
              <div class="method">
                <div class="method-content">
                  <a name="logInWithPartnerClient_CustomerAdmin">
                  </a> <!-- logInWithPartnerClient_CustomerAdmin -->
                  <span class="method-name">logInWithPartnerClient_CustomerAdmin</span>
                  <div class="stack-trace">org.openqa.selenium.NoSuchElementException: no such element: Unable to locate element: {&quot;method&quot;:&quot;xpath&quot;,&quot;selector&quot;:&quot;//*[@id=&quot;wrapper&quot;]/div[1]/nav/div[1]/a/img&quot;}
  (Session info: chrome=75.0.3770.100)
For documentation on this error, please visit: http://seleniumhq.org/exceptions/no_such_element.html
Build info: version: &apos;3.14.0&apos;, revision: &apos;aacccce0&apos;, time: &apos;2018-08-02T20:19:58.91Z&apos;
System info: host: &apos;REM-L-SINGHH&apos;, ip: &apos;10.12.60.25&apos;, os.name: &apos;Windows 10&apos;, os.arch: &apos;amd64&apos;, os.version: &apos;10.0&apos;, java.version: &apos;1.8.0_171&apos;
Driver info: org.openqa.selenium.chrome.ChromeDriver
Capabilities {acceptInsecureCerts: false, browserName: chrome, browserVersion: 75.0.3770.100, chrome: {chromedriverVersion: 75.0.3770.90 (a6dcaf7e3ec6f..., userDataDir: C:\Windows\TEMP\scoped_dir2...}, goog:chromeOptions: {debuggerAddress: localhost:54226}, javascriptEnabled: true, networkConnectionEnabled: false, pageLoadStrategy: normal, platform: XP, platformName: XP, proxy: Proxy(), setWindowRect: true, strictFileInteractability: false, timeouts: {implicit: 0, pageLoad: 300000, script: 30000}, unhandledPromptBehavior: dismiss and notify}
Session ID: 55104f03c01f6df83a746d73108dfcef
*** Element info: {Using=xpath, value=//*[@id=&quot;wrapper&quot;]/div[1]/nav/div[1]/a/img}
	at org.openqa.selenium.remote.http.W3CHttpResponseCodec.createException(W3CHttpResponseCodec.java:187)
	at org.openqa.selenium.remote.http.W3CHttpResponseCodec.decode(W3CHttpResponseCodec.java:122)
	at org.openqa.selenium.remote.http.W3CHttpResponseCodec.decode(W3CHttpResponseCodec.java:49)
	at org.openqa.selenium.remote.HttpCommandExecutor.execute(HttpCommandExecutor.java:158)
	at org.openqa.selenium.remote.service.DriverCommandExecutor.execute(DriverCommandExecutor.java:83)
	at org.openqa.selenium.remote.RemoteWebDriver.execute(RemoteWebDriver.java:548)
	at org.openqa.selenium.remote.RemoteWebDriver.findElement(RemoteWebDriver.java:322)
	at org.openqa.selenium.remote.RemoteWebDriver.findElementByXPath(RemoteWebDriver.java:424)
	at org.openqa.selenium.By$ByXPath.findElement(By.java:353)
	at org.openqa.selenium.remote.RemoteWebDriver.findElement(RemoteWebDriver.java:314)
	at resources.baseProperties.intializeDriver(baseProperties.java:79)
	at VW_TC.TC0008_login_With_Client_OR_Partner_Client_Custmer_Admin.applicationLaunch(TC0008_login_With_Client_OR_Partner_Client_Custmer_Admin.java:32)
... Removed 32 stack frames
</div> <!-- stack-trace -->
                </div> <!-- method-content -->
              </div> <!-- method -->
            </div> <!-- main-panel-content rounded-window-bottom -->
          </div> <!-- suite-Suite-class-skipped -->
          <div class="suite-Suite-class-passed">
            <div class="main-panel-header rounded-window-top">
              <img src="passed.png"/>
              <span class="class-name">VW_TC.TC0009_login_With_Client_OR_Partner_Client_Developer</span>
            </div> <!-- main-panel-header rounded-window-top -->
            <div class="main-panel-content rounded-window-bottom">
              <div class="method">
                <div class="method-content">
                  <a name="TabValidation">
                  </a> <!-- TabValidation -->
                  <span class="method-name">TabValidation</span>
                </div> <!-- method-content -->
              </div> <!-- method -->
              <div class="method">
                <div class="method-content">
                  <a name="logInWithPartnerClient_Development">
                  </a> <!-- logInWithPartnerClient_Development -->
                  <span class="method-name">logInWithPartnerClient_Development</span>
                </div> <!-- method-content -->
              </div> <!-- method -->
            </div> <!-- main-panel-content rounded-window-bottom -->
          </div> <!-- suite-Suite-class-passed -->
          <div class="suite-Suite-class-passed">
            <div class="main-panel-header rounded-window-top">
              <img src="passed.png"/>
              <span class="class-name">VW_TC.TC0003_login_With_Empirix_Business_Analyst</span>
            </div> <!-- main-panel-header rounded-window-top -->
            <div class="main-panel-content rounded-window-bottom">
              <div class="method">
                <div class="method-content">
                  <a name="TabValidation">
                  </a> <!-- TabValidation -->
                  <span class="method-name">TabValidation</span>
                </div> <!-- method-content -->
              </div> <!-- method -->
              <div class="method">
                <div class="method-content">
                  <a name="logInWithExpirixBusinessAnalyst">
                  </a> <!-- logInWithExpirixBusinessAnalyst -->
                  <span class="method-name">logInWithExpirixBusinessAnalyst</span>
                </div> <!-- method-content -->
              </div> <!-- method -->
            </div> <!-- main-panel-content rounded-window-bottom -->
          </div> <!-- suite-Suite-class-passed -->
          <div class="suite-Suite-class-passed">
            <div class="main-panel-header rounded-window-top">
              <img src="passed.png"/>
              <span class="class-name">VW_TC.TC0001_login_Page_Verification</span>
            </div> <!-- main-panel-header rounded-window-top -->
            <div class="main-panel-content rounded-window-bottom">
              <div class="method">
                <div class="method-content">
                  <a name="logInScreenVerification">
                  </a> <!-- logInScreenVerification -->
                  <span class="method-name">logInScreenVerification</span>
                </div> <!-- method-content -->
              </div> <!-- method -->
            </div> <!-- main-panel-content rounded-window-bottom -->
          </div> <!-- suite-Suite-class-passed -->
          <div class="suite-Suite-class-passed">
            <div class="main-panel-header rounded-window-top">
              <img src="passed.png"/>
              <span class="class-name">VW_TC.TC0011_login_With_Client_OR_Partner_Client_User</span>
            </div> <!-- main-panel-header rounded-window-top -->
            <div class="main-panel-content rounded-window-bottom">
              <div class="method">
                <div class="method-content">
                  <a name="TabValidation">
                  </a> <!-- TabValidation -->
                  <span class="method-name">TabValidation</span>
                </div> <!-- method-content -->
              </div> <!-- method -->
              <div class="method">
                <div class="method-content">
                  <a name="logInWithPartnerClient_User">
                  </a> <!-- logInWithPartnerClient_User -->
                  <span class="method-name">logInWithPartnerClient_User</span>
                </div> <!-- method-content -->
              </div> <!-- method -->
            </div> <!-- main-panel-content rounded-window-bottom -->
          </div> <!-- suite-Suite-class-passed -->
          <div class="suite-Suite-class-passed">
            <div class="main-panel-header rounded-window-top">
              <img src="passed.png"/>
              <span class="class-name">VW_TC.TC0010_login_With_Client_OR_Partner_Client_Enhanced_User</span>
            </div> <!-- main-panel-header rounded-window-top -->
            <div class="main-panel-content rounded-window-bottom">
              <div class="method">
                <div class="method-content">
                  <a name="TabValidation">
                  </a> <!-- TabValidation -->
                  <span class="method-name">TabValidation</span>
                </div> <!-- method-content -->
              </div> <!-- method -->
              <div class="method">
                <div class="method-content">
                  <a name="logInWithPartnerClient_EnhancedUser">
                  </a> <!-- logInWithPartnerClient_EnhancedUser -->
                  <span class="method-name">logInWithPartnerClient_EnhancedUser</span>
                </div> <!-- method-content -->
              </div> <!-- method -->
            </div> <!-- main-panel-content rounded-window-bottom -->
          </div> <!-- suite-Suite-class-passed -->
          <div class="suite-Suite-class-passed">
            <div class="main-panel-header rounded-window-top">
              <img src="passed.png"/>
              <span class="class-name">VW_TC.TC0004_login_With_Partner_Customer_Admin</span>
            </div> <!-- main-panel-header rounded-window-top -->
            <div class="main-panel-content rounded-window-bottom">
              <div class="method">
                <div class="method-content">
                  <a name="TabValidation">
                  </a> <!-- TabValidation -->
                  <span class="method-name">TabValidation</span>
                </div> <!-- method-content -->
              </div> <!-- method -->
              <div class="method">
                <div class="method-content">
                  <a name="logInWithPartnerCustomerAdmin">
                  </a> <!-- logInWithPartnerCustomerAdmin -->
                  <span class="method-name">logInWithPartnerCustomerAdmin</span>
                </div> <!-- method-content -->
              </div> <!-- method -->
            </div> <!-- main-panel-content rounded-window-bottom -->
          </div> <!-- suite-Suite-class-passed -->
          <div class="suite-Suite-class-passed">
            <div class="main-panel-header rounded-window-top">
              <img src="passed.png"/>
              <span class="class-name">VW_TC.TC0005_login_With_Partner_Developer</span>
            </div> <!-- main-panel-header rounded-window-top -->
            <div class="main-panel-content rounded-window-bottom">
              <div class="method">
                <div class="method-content">
                  <a name="TabValidation">
                  </a> <!-- TabValidation -->
                  <span class="method-name">TabValidation</span>
                </div> <!-- method-content -->
              </div> <!-- method -->
              <div class="method">
                <div class="method-content">
                  <a name="logInWithPartnerDevelopment">
                  </a> <!-- logInWithPartnerDevelopment -->
                  <span class="method-name">logInWithPartnerDevelopment</span>
                </div> <!-- method-content -->
              </div> <!-- method -->
            </div> <!-- main-panel-content rounded-window-bottom -->
          </div> <!-- suite-Suite-class-passed -->
        </div> <!-- panel Suite -->
        <div panel-name="test-xml-Suite" class="panel">
          <div class="main-panel-header rounded-window-top">
            <span class="header-content">C:\Users\hsingh\.jenkins\${JENKIN_HOME}\ECP_VW\testng.xml</span>
          </div> <!-- main-panel-header rounded-window-top -->
          <div class="main-panel-content rounded-window-bottom">
            <pre>
&lt;?xml version=&quot;1.0&quot; encoding=&quot;UTF-8&quot;?&gt;
&lt;!DOCTYPE suite SYSTEM &quot;http://testng.org/testng-1.0.dtd&quot;&gt;
&lt;suite guice-stage=&quot;DEVELOPMENT&quot; verbose=&quot;0&quot; name=&quot;Suite&quot;&gt;
  &lt;listeners&gt;
    &lt;listener class-name=&quot;resources.listeners&quot;/&gt;
    &lt;listener class-name=&quot;resources.ExtentReporterNG&quot;/&gt;
  &lt;/listeners&gt;
  &lt;test thread-count=&quot;5&quot; verbose=&quot;0&quot; name=&quot;001:Test Case Login Page Verification &quot;&gt;
    &lt;classes&gt;
      &lt;class name=&quot;VW_TC.TC0001_login_Page_Verification&quot;/&gt;
    &lt;/classes&gt;
  &lt;/test&gt; &lt;!-- 001:Test Case Login Page Verification  --&gt;
  &lt;test thread-count=&quot;5&quot; verbose=&quot;0&quot; name=&quot;002: Test Case Login with &amp;#039;Empirix Admin&amp;#039; Credetials&amp;#039;and verify TabAvailablity&quot;&gt;
    &lt;classes&gt;
      &lt;class name=&quot;VW_TC.TC0002_login_With_Exmpirix_Admin&quot;/&gt;
    &lt;/classes&gt;
  &lt;/test&gt; &lt;!-- 002: Test Case Login with &apos;Empirix Admin&apos; Credetials&apos;and verify TabAvailablity --&gt;
  &lt;test thread-count=&quot;5&quot; verbose=&quot;0&quot; name=&quot;003:Test Case Login with &amp;#039;Empirix Business Analyst&amp;#039; Credetials&amp;#039;and verify TabAvailablity&quot;&gt;
    &lt;classes&gt;
      &lt;class name=&quot;VW_TC.TC0003_login_With_Empirix_Business_Analyst&quot;/&gt;
    &lt;/classes&gt;
  &lt;/test&gt; &lt;!-- 003:Test Case Login with &apos;Empirix Business Analyst&apos; Credetials&apos;and verify TabAvailablity --&gt;
  &lt;test thread-count=&quot;5&quot; verbose=&quot;0&quot; name=&quot;004: Test Case Login with &amp;#039;Partner Customer Admin&amp;#039; Credetials and verify TabAvailablity&quot;&gt;
    &lt;classes&gt;
      &lt;class name=&quot;VW_TC.TC0004_login_With_Partner_Customer_Admin&quot;/&gt;
    &lt;/classes&gt;
  &lt;/test&gt; &lt;!-- 004: Test Case Login with &apos;Partner Customer Admin&apos; Credetials and verify TabAvailablity --&gt;
  &lt;test thread-count=&quot;5&quot; verbose=&quot;0&quot; name=&quot;005: Test Case Login with &amp;#039;Partner Developer&amp;#039; Credetials and verify TabAvailablity&quot;&gt;
    &lt;classes&gt;
      &lt;class name=&quot;VW_TC.TC0005_login_With_Partner_Developer&quot;/&gt;
    &lt;/classes&gt;
  &lt;/test&gt; &lt;!-- 005: Test Case Login with &apos;Partner Developer&apos; Credetials and verify TabAvailablity --&gt;
  &lt;test thread-count=&quot;5&quot; verbose=&quot;0&quot; name=&quot;006: Test Case Login with &amp;#039;Partner Enhanced User Credetials&amp;#039;and verify TabAvailablity&quot;&gt;
    &lt;classes&gt;
      &lt;class name=&quot;VW_TC.TC0006_login_With_Partner_Enhanced_User&quot;/&gt;
    &lt;/classes&gt;
  &lt;/test&gt; &lt;!-- 006: Test Case Login with &apos;Partner Enhanced User Credetials&apos;and verify TabAvailablity --&gt;
  &lt;test thread-count=&quot;5&quot; verbose=&quot;0&quot; name=&quot;007: Test Case Login with &amp;#039;Partner Use&amp;#039; Credetials and verify TabAvailablity&quot;&gt;
    &lt;classes&gt;
      &lt;class name=&quot;VW_TC.TC0007_login_With_Partner_User&quot;/&gt;
    &lt;/classes&gt;
  &lt;/test&gt; &lt;!-- 007: Test Case Login with &apos;Partner Use&apos; Credetials and verify TabAvailablity --&gt;
  &lt;test thread-count=&quot;5&quot; verbose=&quot;0&quot; name=&quot;008: Test Case &amp;#039;Login with &amp;#039;Client or Partner Client Customer Admin&amp;#039;and verify TabAvailablity&quot;&gt;
    &lt;classes&gt;
      &lt;class name=&quot;VW_TC.TC0008_login_With_Client_OR_Partner_Client_Custmer_Admin&quot;/&gt;
    &lt;/classes&gt;
  &lt;/test&gt; &lt;!-- 008: Test Case &apos;Login with &apos;Client or Partner Client Customer Admin&apos;and verify TabAvailablity --&gt;
  &lt;test thread-count=&quot;5&quot; verbose=&quot;0&quot; name=&quot;009: Test Case &amp;#039;Login with &amp;#039;Client or Partner Client Developer&amp;#039;and verify TabAvailablity&quot;&gt;
    &lt;classes&gt;
      &lt;class name=&quot;VW_TC.TC0009_login_With_Client_OR_Partner_Client_Developer&quot;/&gt;
    &lt;/classes&gt;
  &lt;/test&gt; &lt;!-- 009: Test Case &apos;Login with &apos;Client or Partner Client Developer&apos;and verify TabAvailablity --&gt;
  &lt;test thread-count=&quot;5&quot; verbose=&quot;0&quot; name=&quot;010: Test Case &amp;#039;Login with &amp;#039;Client or Partner Client Enhanced User&amp;#039;and verify TabAvailablity&quot;&gt;
    &lt;classes&gt;
      &lt;class name=&quot;VW_TC.TC0010_login_With_Client_OR_Partner_Client_Enhanced_User&quot;/&gt;
    &lt;/classes&gt;
  &lt;/test&gt; &lt;!-- 010: Test Case &apos;Login with &apos;Client or Partner Client Enhanced User&apos;and verify TabAvailablity --&gt;
  &lt;test thread-count=&quot;5&quot; verbose=&quot;0&quot; name=&quot;011: Test Case &amp;#039;Login with &amp;#039;Client or Partner Client User&amp;#039;and verify TabAvailablity&quot;&gt;
    &lt;classes&gt;
      &lt;class name=&quot;VW_TC.TC0011_login_With_Client_OR_Partner_Client_User&quot;/&gt;
    &lt;/classes&gt;
  &lt;/test&gt; &lt;!-- 011: Test Case &apos;Login with &apos;Client or Partner Client User&apos;and verify TabAvailablity --&gt;
&lt;/suite&gt; &lt;!-- Suite --&gt;
            </pre>
          </div> <!-- main-panel-content rounded-window-bottom -->
        </div> <!-- panel -->
        <div panel-name="testlist-Suite" class="panel">
          <div class="main-panel-header rounded-window-top">
            <span class="header-content">Tests for Suite</span>
          </div> <!-- main-panel-header rounded-window-top -->
          <div class="main-panel-content rounded-window-bottom">
            <ul>
              <li>
                <span class="test-name">001:Test Case Login Page Verification  (1 class)</span>
              </li>
              <li>
                <span class="test-name">002: Test Case Login with 'Empirix Admin' Credetials'and verify TabAvailablity (1 class)</span>
              </li>
              <li>
                <span class="test-name">003:Test Case Login with 'Empirix Business Analyst' Credetials'and verify TabAvailablity (1 class)</span>
              </li>
              <li>
                <span class="test-name">004: Test Case Login with 'Partner Customer Admin' Credetials and verify TabAvailablity (1 class)</span>
              </li>
              <li>
                <span class="test-name">005: Test Case Login with 'Partner Developer' Credetials and verify TabAvailablity (1 class)</span>
              </li>
              <li>
                <span class="test-name">006: Test Case Login with 'Partner Enhanced User Credetials'and verify TabAvailablity (1 class)</span>
              </li>
              <li>
                <span class="test-name">007: Test Case Login with 'Partner Use' Credetials and verify TabAvailablity (1 class)</span>
              </li>
              <li>
                <span class="test-name">008: Test Case 'Login with 'Client or Partner Client Customer Admin'and verify TabAvailablity (1 class)</span>
              </li>
              <li>
                <span class="test-name">009: Test Case 'Login with 'Client or Partner Client Developer'and verify TabAvailablity (1 class)</span>
              </li>
              <li>
                <span class="test-name">010: Test Case 'Login with 'Client or Partner Client Enhanced User'and verify TabAvailablity (1 class)</span>
              </li>
              <li>
                <span class="test-name">011: Test Case 'Login with 'Client or Partner Client User'and verify TabAvailablity (1 class)</span>
              </li>
            </ul>
          </div> <!-- main-panel-content rounded-window-bottom -->
        </div> <!-- panel -->
        <div panel-name="group-Suite" class="panel">
          <div class="main-panel-header rounded-window-top">
            <span class="header-content">Groups for Suite</span>
          </div> <!-- main-panel-header rounded-window-top -->
          <div class="main-panel-content rounded-window-bottom">
          </div> <!-- main-panel-content rounded-window-bottom -->
        </div> <!-- panel -->
        <div panel-name="times-Suite" class="panel">
          <div class="main-panel-header rounded-window-top">
            <span class="header-content">Times for Suite</span>
          </div> <!-- main-panel-header rounded-window-top -->
          <div class="main-panel-content rounded-window-bottom">
            <div class="times-div">
              <script type="text/javascript">
suiteTableInitFunctions.push('tableData_Suite');
function tableData_Suite() {
var data = new google.visualization.DataTable();
data.addColumn('number', 'Number');
data.addColumn('string', 'Method');
data.addColumn('string', 'Class');
data.addColumn('number', 'Time (ms)');
data.addRows(21);
data.setCell(0, 0, 0)
data.setCell(0, 1, 'TabValidation')
data.setCell(0, 2, 'VW_TC.TC0007_login_With_Partner_User')
data.setCell(0, 3, 35743716);
data.setCell(1, 0, 1)
data.setCell(1, 1, 'TabValidation')
data.setCell(1, 2, 'VW_TC.TC0011_login_With_Client_OR_Partner_Client_User')
data.setCell(1, 3, 7000658);
data.setCell(2, 0, 2)
data.setCell(2, 1, 'TabValidation')
data.setCell(2, 2, 'VW_TC.TC0009_login_With_Client_OR_Partner_Client_Developer')
data.setCell(2, 3, 4000613);
data.setCell(3, 0, 3)
data.setCell(3, 1, 'TabValidation')
data.setCell(3, 2, 'VW_TC.TC0010_login_With_Client_OR_Partner_Client_Enhanced_User')
data.setCell(3, 3, 4000516);
data.setCell(4, 0, 4)
data.setCell(4, 1, 'TabValidation')
data.setCell(4, 2, 'VW_TC.TC0004_login_With_Partner_Customer_Admin')
data.setCell(4, 3, 2000635);
data.setCell(5, 0, 5)
data.setCell(5, 1, 'TabValidation')
data.setCell(5, 2, 'VW_TC.TC0005_login_With_Partner_Developer')
data.setCell(5, 3, 2000564);
data.setCell(6, 0, 6)
data.setCell(6, 1, 'logInWithExpirixBusinessAnalyst')
data.setCell(6, 2, 'VW_TC.TC0003_login_With_Empirix_Business_Analyst')
data.setCell(6, 3, 30699);
data.setCell(7, 0, 7)
data.setCell(7, 1, 'logInWithPartnerDevelopment')
data.setCell(7, 2, 'VW_TC.TC0005_login_With_Partner_Developer')
data.setCell(7, 3, 21415);
data.setCell(8, 0, 8)
data.setCell(8, 1, 'logInWithPartnerCustomerAdmin')
data.setCell(8, 2, 'VW_TC.TC0004_login_With_Partner_Customer_Admin')
data.setCell(8, 3, 21094);
data.setCell(9, 0, 9)
data.setCell(9, 1, 'logInWithPartnerClient_User')
data.setCell(9, 2, 'VW_TC.TC0011_login_With_Client_OR_Partner_Client_User')
data.setCell(9, 3, 13592);
data.setCell(10, 0, 10)
data.setCell(10, 1, 'logInWithPartnerClient_Development')
data.setCell(10, 2, 'VW_TC.TC0009_login_With_Client_OR_Partner_Client_Developer')
data.setCell(10, 3, 10327);
data.setCell(11, 0, 11)
data.setCell(11, 1, 'logInWithPartnerClient_EnhancedUser')
data.setCell(11, 2, 'VW_TC.TC0010_login_With_Client_OR_Partner_Client_Enhanced_User')
data.setCell(11, 3, 10027);
data.setCell(12, 0, 12)
data.setCell(12, 1, 'TabValidation')
data.setCell(12, 2, 'VW_TC.TC0003_login_With_Empirix_Business_Analyst')
data.setCell(12, 3, 573);
data.setCell(13, 0, 13)
data.setCell(13, 1, 'logInScreenVerification')
data.setCell(13, 2, 'VW_TC.TC0001_login_Page_Verification')
data.setCell(13, 3, 457);
data.setCell(14, 0, 14)
data.setCell(14, 1, 'logInWithPartnerUser')
data.setCell(14, 2, 'VW_TC.TC0007_login_With_Partner_User')
data.setCell(14, 3, 41);
data.setCell(15, 0, 15)
data.setCell(15, 1, 'logInWithExpirixAdmin')
data.setCell(15, 2, 'VW_TC.TC0002_login_With_Exmpirix_Admin')
data.setCell(15, 3, 0);
data.setCell(16, 0, 16)
data.setCell(16, 1, 'TabAvailabilityValidation')
data.setCell(16, 2, 'VW_TC.TC0002_login_With_Exmpirix_Admin')
data.setCell(16, 3, 0);
data.setCell(17, 0, 17)
data.setCell(17, 1, 'logInWithPartnerEnhancedUser')
data.setCell(17, 2, 'VW_TC.TC0006_login_With_Partner_Enhanced_User')
data.setCell(17, 3, 0);
data.setCell(18, 0, 18)
data.setCell(18, 1, 'TabValidation')
data.setCell(18, 2, 'VW_TC.TC0006_login_With_Partner_Enhanced_User')
data.setCell(18, 3, 0);
data.setCell(19, 0, 19)
data.setCell(19, 1, 'TabValidation')
data.setCell(19, 2, 'VW_TC.TC0008_login_With_Client_OR_Partner_Client_Custmer_Admin')
data.setCell(19, 3, 0);
data.setCell(20, 0, 20)
data.setCell(20, 1, 'logInWithPartnerClient_CustomerAdmin')
data.setCell(20, 2, 'VW_TC.TC0008_login_With_Client_OR_Partner_Client_Custmer_Admin')
data.setCell(20, 3, 0);
window.suiteTableData['Suite']= { tableData: data, tableDiv: 'times-div-Suite'}
return data;
}
              </script>
              <span class="suite-total-time">Total running time: 15 hours</span>
              <div id="times-div-Suite">
              </div> <!-- times-div-Suite -->
            </div> <!-- times-div -->
          </div> <!-- main-panel-content rounded-window-bottom -->
        </div> <!-- panel -->
        <div panel-name="reporter-Suite" class="panel">
          <div class="main-panel-header rounded-window-top">
            <span class="header-content">Reporter output for Suite</span>
          </div> <!-- main-panel-header rounded-window-top -->
          <div class="main-panel-content rounded-window-bottom">
          </div> <!-- main-panel-content rounded-window-bottom -->
        </div> <!-- panel -->
        <div panel-name="ignored-methods-Suite" class="panel">
          <div class="main-panel-header rounded-window-top">
            <span class="header-content">0 ignored methods</span>
          </div> <!-- main-panel-header rounded-window-top -->
          <div class="main-panel-content rounded-window-bottom">
          </div> <!-- main-panel-content rounded-window-bottom -->
        </div> <!-- panel -->
        <div panel-name="chronological-Suite" class="panel">
          <div class="main-panel-header rounded-window-top">
            <span class="header-content">Methods in chronological order</span>
          </div> <!-- main-panel-header rounded-window-top -->
          <div class="main-panel-content rounded-window-bottom">
            <div class="chronological-class">
              <div class="chronological-class-name">VW_TC.TC0001_login_Page_Verification</div> <!-- chronological-class-name -->
              <div class="configuration-test before">
                <span class="method-name">applicationLaunch</span>
                <span class="method-start">0 ms</span>
              </div> <!-- configuration-test before -->
              <div class="test-method">
                <span class="method-name">logInScreenVerification</span>
                <span class="method-start">24378 ms</span>
              </div> <!-- test-method -->
              <div class="configuration-test after">
                <span class="method-name">applicationClose</span>
                <span class="method-start">24835 ms</span>
              </div> <!-- configuration-test after -->
            </div> <!-- chronological-class -->
            <div class="chronological-class">
              <div class="chronological-class-name">VW_TC.TC0002_login_With_Exmpirix_Admin</div> <!-- chronological-class-name -->
              <div class="configuration-test before">
                <img src="failed.png">
                </img>
                <span class="method-name">applicationLaunch</span>
                <span class="method-start">24935 ms</span>
              </div> <!-- configuration-test before -->
            </div> <!-- chronological-class -->
            <div class="chronological-class">
              <div class="chronological-class-name">VW_TC.TC0003_login_With_Empirix_Business_Analyst</div> <!-- chronological-class-name -->
              <div class="configuration-test before">
                <span class="method-name">applicationLaunch</span>
                <span class="method-start">1057366 ms</span>
              </div> <!-- configuration-test before -->
              <div class="test-method">
                <span class="method-name">logInWithExpirixBusinessAnalyst</span>
                <span class="method-start">1089089 ms</span>
              </div> <!-- test-method -->
              <div class="test-method">
                <span class="method-name">TabValidation</span>
                <span class="method-start">1119788 ms</span>
              </div> <!-- test-method -->
              <div class="configuration-test after">
                <span class="method-name">applicationClose</span>
                <span class="method-start">1120361 ms</span>
              </div> <!-- configuration-test after -->
            </div> <!-- chronological-class -->
            <div class="chronological-class">
              <div class="chronological-class-name">VW_TC.TC0004_login_With_Partner_Customer_Admin</div> <!-- chronological-class-name -->
              <div class="configuration-test before">
                <span class="method-name">applicationLaunch</span>
                <span class="method-start">1120449 ms</span>
              </div> <!-- configuration-test before -->
              <div class="test-method">
                <span class="method-name">logInWithPartnerCustomerAdmin</span>
                <span class="method-start">1142548 ms</span>
              </div> <!-- test-method -->
              <div class="test-method">
                <span class="method-name">TabValidation</span>
                <span class="method-start">1163642 ms</span>
              </div> <!-- test-method -->
              <div class="configuration-test after">
                <span class="method-name">applicationClose</span>
                <span class="method-start">3164277 ms</span>
              </div> <!-- configuration-test after -->
            </div> <!-- chronological-class -->
            <div class="chronological-class">
              <div class="chronological-class-name">VW_TC.TC0005_login_With_Partner_Developer</div> <!-- chronological-class-name -->
              <div class="configuration-test before">
                <span class="method-name">applicationLaunch</span>
                <span class="method-start">3164655 ms</span>
              </div> <!-- configuration-test before -->
              <div class="test-method">
                <span class="method-name">logInWithPartnerDevelopment</span>
                <span class="method-start">3185015 ms</span>
              </div> <!-- test-method -->
              <div class="test-method">
                <span class="method-name">TabValidation</span>
                <span class="method-start">3206431 ms</span>
              </div> <!-- test-method -->
              <div class="configuration-test after">
                <span class="method-name">applicationClose</span>
                <span class="method-start">5206995 ms</span>
              </div> <!-- configuration-test after -->
            </div> <!-- chronological-class -->
            <div class="chronological-class">
              <div class="chronological-class-name">VW_TC.TC0006_login_With_Partner_Enhanced_User</div> <!-- chronological-class-name -->
              <div class="configuration-test before">
                <img src="failed.png">
                </img>
                <span class="method-name">applicationLaunch</span>
                <span class="method-start">5207363 ms</span>
              </div> <!-- configuration-test before -->
            </div> <!-- chronological-class -->
            <div class="chronological-class">
              <div class="chronological-class-name">VW_TC.TC0007_login_With_Partner_User</div> <!-- chronological-class-name -->
              <div class="configuration-test before">
                <span class="method-name">applicationLaunch</span>
                <span class="method-start">6250727 ms</span>
              </div> <!-- configuration-test before -->
              <div class="test-method">
                <img src="failed.png">
                </img>
                <span class="method-name">logInWithPartnerUser</span>
                <span class="method-start">6277866 ms</span>
              </div> <!-- test-method -->
              <div class="test-method">
                <img src="failed.png">
                </img>
                <span class="method-name">TabValidation</span>
                <span class="method-start">6277907 ms</span>
              </div> <!-- test-method -->
              <div class="configuration-test after">
                <span class="method-name">applicationClose</span>
                <span class="method-start">42021627 ms</span>
              </div> <!-- configuration-test after -->
            </div> <!-- chronological-class -->
            <div class="chronological-class">
              <div class="chronological-class-name">VW_TC.TC0008_login_With_Client_OR_Partner_Client_Custmer_Admin</div> <!-- chronological-class-name -->
              <div class="configuration-test before">
                <img src="failed.png">
                </img>
                <span class="method-name">applicationLaunch</span>
                <span class="method-start">42023935 ms</span>
              </div> <!-- configuration-test before -->
            </div> <!-- chronological-class -->
            <div class="chronological-class">
              <div class="chronological-class-name">VW_TC.TC0009_login_With_Client_OR_Partner_Client_Developer</div> <!-- chronological-class-name -->
              <div class="configuration-test before">
                <span class="method-name">applicationLaunch</span>
                <span class="method-start">43035474 ms</span>
              </div> <!-- configuration-test before -->
              <div class="test-method">
                <span class="method-name">logInWithPartnerClient_Development</span>
                <span class="method-start">43052170 ms</span>
              </div> <!-- test-method -->
              <div class="test-method">
                <span class="method-name">TabValidation</span>
                <span class="method-start">43062497 ms</span>
              </div> <!-- test-method -->
              <div class="configuration-test after">
                <span class="method-name">applicationClose</span>
                <span class="method-start">47063114 ms</span>
              </div> <!-- configuration-test after -->
            </div> <!-- chronological-class -->
            <div class="chronological-class">
              <div class="chronological-class-name">VW_TC.TC0010_login_With_Client_OR_Partner_Client_Enhanced_User</div> <!-- chronological-class-name -->
              <div class="configuration-test before">
                <span class="method-name">applicationLaunch</span>
                <span class="method-start">47063511 ms</span>
              </div> <!-- configuration-test before -->
              <div class="test-method">
                <span class="method-name">logInWithPartnerClient_EnhancedUser</span>
                <span class="method-start">47079535 ms</span>
              </div> <!-- test-method -->
              <div class="test-method">
                <span class="method-name">TabValidation</span>
                <span class="method-start">47089563 ms</span>
              </div> <!-- test-method -->
              <div class="configuration-test after">
                <span class="method-name">applicationClose</span>
                <span class="method-start">51090082 ms</span>
              </div> <!-- configuration-test after -->
            </div> <!-- chronological-class -->
            <div class="chronological-class">
              <div class="chronological-class-name">VW_TC.TC0011_login_With_Client_OR_Partner_Client_User</div> <!-- chronological-class-name -->
              <div class="configuration-test before">
                <span class="method-name">applicationLaunch</span>
                <span class="method-start">51090477 ms</span>
              </div> <!-- configuration-test before -->
              <div class="test-method">
                <span class="method-name">logInWithPartnerClient_User</span>
                <span class="method-start">51110716 ms</span>
              </div> <!-- test-method -->
              <div class="test-method">
                <span class="method-name">TabValidation</span>
                <span class="method-start">51124308 ms</span>
              </div> <!-- test-method -->
              <div class="configuration-test after">
                <span class="method-name">applicationClose</span>
                <span class="method-start">58124970 ms</span>
              </div> <!-- configuration-test after -->
            </div> <!-- chronological-class -->
            <div class="chronological-class">
              <div class="chronological-class-name">VW_TC.TC0002_login_With_Exmpirix_Admin</div> <!-- chronological-class-name -->
              <div class="test-method">
                <span class="method-name">logInWithExpirixAdmin</span>
                <span class="method-start">-1561483692338 ms</span>
              </div> <!-- test-method -->
              <div class="test-method">
                <span class="method-name">TabAvailabilityValidation</span>
                <span class="method-start">-1561483692338 ms</span>
              </div> <!-- test-method -->
            </div> <!-- chronological-class -->
            <div class="chronological-class">
              <div class="chronological-class-name">VW_TC.TC0006_login_With_Partner_Enhanced_User</div> <!-- chronological-class-name -->
              <div class="test-method">
                <span class="method-name">logInWithPartnerEnhancedUser</span>
                <span class="method-start">-1561483692338 ms</span>
              </div> <!-- test-method -->
              <div class="test-method">
                <span class="method-name">TabValidation</span>
                <span class="method-start">-1561483692338 ms</span>
              </div> <!-- test-method -->
            </div> <!-- chronological-class -->
            <div class="chronological-class">
              <div class="chronological-class-name">VW_TC.TC0008_login_With_Client_OR_Partner_Client_Custmer_Admin</div> <!-- chronological-class-name -->
              <div class="test-method">
                <span class="method-name">logInWithPartnerClient_CustomerAdmin</span>
                <span class="method-start">-1561483692338 ms</span>
              </div> <!-- test-method -->
              <div class="test-method">
                <span class="method-name">TabValidation</span>
                <span class="method-start">-1561483692338 ms</span>
              </div> <!-- test-method -->
          </div> <!-- main-panel-content rounded-window-bottom -->
        </div> <!-- panel -->
      </div> <!-- main-panel-root -->
    </div> <!-- wrapper -->
  </body>
</html>
